Run npm run build
  npm run build
  shell: /usr/bin/bash -e {0}

> frontend@0.0.0 build
> tsc -b && vite build

Error: src/components/TrainList.tsx(107,9): error TS6133: 'handleSort' is declared but its value is never read.
Error: src/components/TrainList.tsx(184,9): error TS6133: 'getTrainTypeClass' is declared but its value is never read.
Error: src/components/TrainList.tsx(194,9): error TS6133: 'renderSortIcon' is declared but its value is never read.
Error: src/services/auth.ts(41,51): error TS2345: Argument of type 'RegisterData' is not assignable to parameter of type 'Record<string, unknown>'.
  Index signature for type 'string' is missing in type 'RegisterData'.
Error: src/services/auth.ts(56,48): error TS2345: Argument of type 'LoginData' is not assignable to parameter of type 'Record<string, unknown>'.
  Index signature for type 'string' is missing in type 'LoginData'.
Error: src/services/passengerService.ts(34,48): error TS2345: Argument of type 'PassengerFormData' is not assignable to parameter of type 'Record<string, unknown>'.
  Index signature for type 'string' is missing in type 'PassengerFormData'.
Error: src/services/passengerService.ts(45,53): error TS2345: Argument of type 'PassengerFormData' is not assignable to parameter of type 'Record<string, unknown>'.
  Index signature for type 'string' is missing in type 'PassengerFormData'.
Error: Process completed with exit code 2.