{"E:\\a_github\\12306\\backend\\src\\app.js": {"path":"E:\\a_github\\12306\\backend\\src\\app.js","statementMap":{"0":{"start":{"line":1,"column":16},"end":{"line":1,"column":34}},"1":{"start":{"line":2,"column":13},"end":{"line":2,"column":28}},"2":{"start":{"line":3,"column":15},"end":{"line":3,"column":32}},"3":{"start":{"line":4,"column":15},"end":{"line":4,"column":32}},"4":{"start":{"line":5,"column":18},"end":{"line":5,"column":47}},"5":{"start":{"line":6,"column":0},"end":{"line":6,"column":27}},"6":{"start":{"line":7,"column":21},"end":{"line":7,"column":50}},"7":{"start":{"line":10,"column":41},"end":{"line":10,"column":60}},"8":{"start":{"line":11,"column":19},"end":{"line":11,"column":43}},"9":{"start":{"line":12,"column":20},"end":{"line":12,"column":45}},"10":{"start":{"line":13,"column":20},"end":{"line":13,"column":45}},"11":{"start":{"line":14,"column":24},"end":{"line":14,"column":53}},"12":{"start":{"line":16,"column":12},"end":{"line":16,"column":21}},"13":{"start":{"line":17,"column":13},"end":{"line":17,"column":37}},"14":{"start":{"line":20,"column":0},"end":{"line":20,"column":18}},"15":{"start":{"line":21,"column":0},"end":{"line":31,"column":4}},"16":{"start":{"line":32,"column":0},"end":{"line":32,"column":28}},"17":{"start":{"line":33,"column":0},"end":{"line":33,"column":41}},"18":{"start":{"line":34,"column":0},"end":{"line":34,"column":63}},"19":{"start":{"line":36,"column":16},"end":{"line":41,"column":2}},"20":{"start":{"line":42,"column":0},"end":{"line":42,"column":17}},"21":{"start":{"line":45,"column":18},"end":{"line":45,"column":53}},"22":{"start":{"line":46,"column":0},"end":{"line":46,"column":41}},"23":{"start":{"line":47,"column":0},"end":{"line":47,"column":44}},"24":{"start":{"line":48,"column":0},"end":{"line":48,"column":44}},"25":{"start":{"line":49,"column":0},"end":{"line":49,"column":52}},"26":{"start":{"line":52,"column":0},"end":{"line":59,"column":3}},"27":{"start":{"line":53,"column":2},"end":{"line":58,"column":5}},"28":{"start":{"line":62,"column":0},"end":{"line":67,"column":3}},"29":{"start":{"line":63,"column":2},"end":{"line":66,"column":5}},"30":{"start":{"line":70,"column":0},"end":{"line":75,"column":3}},"31":{"start":{"line":71,"column":2},"end":{"line":74,"column":5}},"32":{"start":{"line":78,"column":0},"end":{"line":84,"column":3}},"33":{"start":{"line":79,"column":2},"end":{"line":79,"column":27}},"34":{"start":{"line":80,"column":2},"end":{"line":83,"column":5}},"35":{"start":{"line":86,"column":0},"end":{"line":86,"column":21}}},"fnMap":{"0":{"name":"(anonymous_0)","decl":{"start":{"line":52,"column":13},"end":{"line":52,"column":14}},"loc":{"start":{"line":52,"column":27},"end":{"line":59,"column":1}},"line":52},"1":{"name":"(anonymous_1)","decl":{"start":{"line":62,"column":19},"end":{"line":62,"column":20}},"loc":{"start":{"line":62,"column":33},"end":{"line":67,"column":1}},"line":62},"2":{"name":"(anonymous_2)","decl":{"start":{"line":70,"column":8},"end":{"line":70,"column":9}},"loc":{"start":{"line":70,"column":22},"end":{"line":75,"column":1}},"line":70},"3":{"name":"(anonymous_3)","decl":{"start":{"line":78,"column":8},"end":{"line":78,"column":9}},"loc":{"start":{"line":78,"column":33},"end":{"line":84,"column":1}},"line":78}},"branchMap":{"0":{"loc":{"start":{"line":17,"column":13},"end":{"line":17,"column":37}},"type":"binary-expr","locations":[{"start":{"line":17,"column":13},"end":{"line":17,"column":29}},{"start":{"line":17,"column":33},"end":{"line":17,"column":37}}],"line":17},"1":{"loc":{"start":{"line":22,"column":11},"end":{"line":29,"column":3}},"type":"cond-expr","locations":[{"start":{"line":22,"column":37},"end":{"line":22,"column":71}},{"start":{"line":22,"column":74},"end":{"line":29,"column":3}}],"line":22},"2":{"loc":{"start":{"line":37,"column":21},"end":{"line":37,"column":59}},"type":"binary-expr","locations":[{"start":{"line":37,"column":21},"end":{"line":37,"column":47}},{"start":{"line":37,"column":51},"end":{"line":37,"column":59}}],"line":37},"3":{"loc":{"start":{"line":38,"column":16},"end":{"line":38,"column":45}},"type":"binary-expr","locations":[{"start":{"line":38,"column":16},"end":{"line":38,"column":36}},{"start":{"line":38,"column":40},"end":{"line":38,"column":45}}],"line":38},"4":{"loc":{"start":{"line":45,"column":18},"end":{"line":45,"column":53}},"type":"binary-expr","locations":[{"start":{"line":45,"column":18},"end":{"line":45,"column":40}},{"start":{"line":45,"column":44},"end":{"line":45,"column":53}}],"line":45},"5":{"loc":{"start":{"line":82,"column":13},"end":{"line":82,"column":90}},"type":"cond-expr","locations":[{"start":{"line":82,"column":54},"end":{"line":82,"column":65}},{"start":{"line":82,"column":68},"end":{"line":82,"column":90}}],"line":82}},"s":{"0":7,"1":7,"2":7,"3":7,"4":7,"5":7,"6":7,"7":7,"8":7,"9":7,"10":7,"11":7,"12":7,"13":7,"14":7,"15":7,"16":7,"17":7,"18":7,"19":7,"20":7,"21":7,"22":7,"23":7,"24":7,"25":7,"26":7,"27":0,"28":7,"29":0,"30":7,"31":0,"32":7,"33":0,"34":0,"35":7},"f":{"0":0,"1":0,"2":0,"3":0},"b":{"0":[7,0],"1":[7,0],"2":[7,7],"3":[7,7],"4":[7,0],"5":[0,0]},"_coverageSchema":"1a1c01bbd47fc00a2c39e90264f33305004495a9","hash":"7746bab39a1b27cf871d7f9defe375b0fb5a0616"}
,"E:\\a_github\\12306\\backend\\src\\config\\database.js": {"path":"E:\\a_github\\12306\\backend\\src\\config\\database.js","statementMap":{"0":{"start":{"line":1,"column":22},"end":{"line":1,"column":42}},"1":{"start":{"line":2,"column":0},"end":{"line":2,"column":27}},"2":{"start":{"line":4,"column":16},"end":{"line":4,"column":50}},"3":{"start":{"line":6,"column":0},"end":{"line":28,"column":1}},"4":{"start":{"line":7,"column":2},"end":{"line":19,"column":4}},"5":{"start":{"line":21,"column":2},"end":{"line":27,"column":5}},"6":{"start":{"line":31,"column":23},"end":{"line":44,"column":1}},"7":{"start":{"line":32,"column":2},"end":{"line":43,"column":3}},"8":{"start":{"line":33,"column":4},"end":{"line":33,"column":35}},"9":{"start":{"line":34,"column":4},"end":{"line":39,"column":5}},"10":{"start":{"line":35,"column":6},"end":{"line":38,"column":16}},"11":{"start":{"line":36,"column":8},"end":{"line":36,"column":58}},"12":{"start":{"line":37,"column":8},"end":{"line":37,"column":59}},"13":{"start":{"line":40,"column":4},"end":{"line":40,"column":29}},"14":{"start":{"line":42,"column":4},"end":{"line":42,"column":47}},"15":{"start":{"line":46,"column":0},"end":{"line":49,"column":2}}},"fnMap":{"0":{"name":"(anonymous_0)","decl":{"start":{"line":31,"column":23},"end":{"line":31,"column":24}},"loc":{"start":{"line":31,"column":35},"end":{"line":44,"column":1}},"line":31}},"branchMap":{"0":{"loc":{"start":{"line":4,"column":16},"end":{"line":4,"column":50}},"type":"binary-expr","locations":[{"start":{"line":4,"column":16},"end":{"line":4,"column":38}},{"start":{"line":4,"column":42},"end":{"line":4,"column":50}}],"line":4},"1":{"loc":{"start":{"line":6,"column":0},"end":{"line":28,"column":1}},"type":"if","locations":[{"start":{"line":6,"column":0},"end":{"line":28,"column":1}},{"start":{"line":20,"column":7},"end":{"line":28,"column":1}}],"line":6},"2":{"loc":{"start":{"line":8,"column":4},"end":{"line":8,"column":39}},"type":"binary-expr","locations":[{"start":{"line":8,"column":4},"end":{"line":8,"column":23}},{"start":{"line":8,"column":27},"end":{"line":8,"column":39}}],"line":8},"3":{"loc":{"start":{"line":9,"column":4},"end":{"line":9,"column":33}},"type":"binary-expr","locations":[{"start":{"line":9,"column":4},"end":{"line":9,"column":23}},{"start":{"line":9,"column":27},"end":{"line":9,"column":33}}],"line":9},"4":{"loc":{"start":{"line":10,"column":4},"end":{"line":10,"column":29}},"type":"binary-expr","locations":[{"start":{"line":10,"column":4},"end":{"line":10,"column":23}},{"start":{"line":10,"column":27},"end":{"line":10,"column":29}}],"line":10},"5":{"loc":{"start":{"line":12,"column":12},"end":{"line":12,"column":46}},"type":"binary-expr","locations":[{"start":{"line":12,"column":12},"end":{"line":12,"column":31}},{"start":{"line":12,"column":35},"end":{"line":12,"column":46}}],"line":12},"6":{"loc":{"start":{"line":13,"column":21},"end":{"line":13,"column":50}},"type":"binary-expr","locations":[{"start":{"line":13,"column":21},"end":{"line":13,"column":40}},{"start":{"line":13,"column":44},"end":{"line":13,"column":50}}],"line":13},"7":{"loc":{"start":{"line":15,"column":15},"end":{"line":15,"column":75}},"type":"cond-expr","locations":[{"start":{"line":15,"column":56},"end":{"line":15,"column":67}},{"start":{"line":15,"column":70},"end":{"line":15,"column":75}}],"line":15},"8":{"loc":{"start":{"line":23,"column":13},"end":{"line":23,"column":59}},"type":"binary-expr","locations":[{"start":{"line":23,"column":13},"end":{"line":23,"column":36}},{"start":{"line":23,"column":40},"end":{"line":23,"column":59}}],"line":23},"9":{"loc":{"start":{"line":24,"column":13},"end":{"line":24,"column":73}},"type":"cond-expr","locations":[{"start":{"line":24,"column":54},"end":{"line":24,"column":65}},{"start":{"line":24,"column":68},"end":{"line":24,"column":73}}],"line":24},"10":{"loc":{"start":{"line":34,"column":4},"end":{"line":39,"column":5}},"type":"if","locations":[{"start":{"line":34,"column":4},"end":{"line":39,"column":5}},{"start":{},"end":{}}],"line":34}},"s":{"0":7,"1":7,"2":7,"3":7,"4":0,"5":7,"6":7,"7":0,"8":0,"9":0,"10":0,"11":0,"12":0,"13":0,"14":0,"15":7},"f":{"0":0},"b":{"0":[7,7],"1":[0,7],"2":[0,0],"3":[0,0],"4":[0,0],"5":[0,0],"6":[0,0],"7":[0,0],"8":[7,7],"9":[0,7],"10":[0,0]},"_coverageSchema":"1a1c01bbd47fc00a2c39e90264f33305004495a9","hash":"c45274bf364c3acb93348594a92f2cbcd5636468"}
,"E:\\a_github\\12306\\backend\\src\\controllers\\authController.js": {"path":"E:\\a_github\\12306\\backend\\src\\controllers\\authController.js","statementMap":{"0":{"start":{"line":1,"column":13},"end":{"line":1,"column":38}},"1":{"start":{"line":2,"column":105},"end":{"line":2,"column":135}},"2":{"start":{"line":3,"column":57},"end":{"line":3,"column":81}},"3":{"start":{"line":5,"column":26},"end":{"line":5,"column":35}},"4":{"start":{"line":6,"column":29},"end":{"line":6,"column":38}},"5":{"start":{"line":7,"column":35},"end":{"line":7,"column":67}},"6":{"start":{"line":10,"column":17},"end":{"line":189,"column":1}},"7":{"start":{"line":11,"column":2},"end":{"line":188,"column":3}},"8":{"start":{"line":23,"column":8},"end":{"line":23,"column":16}},"9":{"start":{"line":26,"column":23},"end":{"line":35,"column":6}},"10":{"start":{"line":37,"column":4},"end":{"line":43,"column":5}},"11":{"start":{"line":38,"column":6},"end":{"line":42,"column":9}},"12":{"start":{"line":46,"column":25},"end":{"line":48,"column":6}},"13":{"start":{"line":50,"column":4},"end":{"line":56,"column":5}},"14":{"start":{"line":51,"column":6},"end":{"line":55,"column":9}},"15":{"start":{"line":59,"column":29},"end":{"line":61,"column":6}},"16":{"start":{"line":63,"column":4},"end":{"line":69,"column":5}},"17":{"start":{"line":64,"column":6},"end":{"line":68,"column":9}},"18":{"start":{"line":72,"column":26},"end":{"line":74,"column":6}},"19":{"start":{"line":76,"column":4},"end":{"line":82,"column":5}},"20":{"start":{"line":77,"column":6},"end":{"line":81,"column":9}},"21":{"start":{"line":85,"column":4},"end":{"line":96,"column":5}},"22":{"start":{"line":86,"column":6},"end":{"line":95,"column":7}},"23":{"start":{"line":87,"column":20},"end":{"line":87,"column":60}},"24":{"start":{"line":88,"column":18},"end":{"line":88,"column":47}},"25":{"start":{"line":89,"column":8},"end":{"line":91,"column":9}},"26":{"start":{"line":90,"column":10},"end":{"line":90,"column":82}},"27":{"start":{"line":92,"column":8},"end":{"line":92,"column":41}},"28":{"start":{"line":94,"column":8},"end":{"line":94,"column":80}},"29":{"start":{"line":99,"column":27},"end":{"line":99,"column":55}},"30":{"start":{"line":102,"column":20},"end":{"line":112,"column":6}},"31":{"start":{"line":115,"column":4},"end":{"line":119,"column":5}},"32":{"start":{"line":116,"column":6},"end":{"line":116,"column":56}},"33":{"start":{"line":118,"column":6},"end":{"line":118,"column":61}},"34":{"start":{"line":122,"column":18},"end":{"line":126,"column":6}},"35":{"start":{"line":129,"column":25},"end":{"line":141,"column":5}},"36":{"start":{"line":143,"column":4},"end":{"line":150,"column":7}},"37":{"start":{"line":153,"column":4},"end":{"line":153,"column":34}},"38":{"start":{"line":155,"column":4},"end":{"line":167,"column":5}},"39":{"start":{"line":156,"column":20},"end":{"line":156,"column":57}},"40":{"start":{"line":157,"column":22},"end":{"line":161,"column":7}},"41":{"start":{"line":162,"column":6},"end":{"line":166,"column":9}},"42":{"start":{"line":168,"column":4},"end":{"line":182,"column":5}},"43":{"start":{"line":169,"column":20},"end":{"line":169,"column":38}},"44":{"start":{"line":170,"column":20},"end":{"line":170,"column":54}},"45":{"start":{"line":171,"column":20},"end":{"line":171,"column":31}},"46":{"start":{"line":172,"column":18},"end":{"line":172,"column":37}},"47":{"start":{"line":173,"column":6},"end":{"line":173,"column":77}},"48":{"start":{"line":173,"column":49},"end":{"line":173,"column":77}},"49":{"start":{"line":174,"column":6},"end":{"line":174,"column":83}},"50":{"start":{"line":174,"column":48},"end":{"line":174,"column":83}},"51":{"start":{"line":175,"column":6},"end":{"line":175,"column":80}},"52":{"start":{"line":175,"column":50},"end":{"line":175,"column":80}},"53":{"start":{"line":176,"column":6},"end":{"line":176,"column":75}},"54":{"start":{"line":176,"column":52},"end":{"line":176,"column":75}},"55":{"start":{"line":177,"column":6},"end":{"line":181,"column":9}},"56":{"start":{"line":183,"column":4},"end":{"line":187,"column":7}},"57":{"start":{"line":192,"column":14},"end":{"line":278,"column":1}},"58":{"start":{"line":193,"column":2},"end":{"line":277,"column":3}},"59":{"start":{"line":194,"column":35},"end":{"line":194,"column":43}},"60":{"start":{"line":197,"column":4},"end":{"line":202,"column":5}},"61":{"start":{"line":198,"column":6},"end":{"line":201,"column":9}},"62":{"start":{"line":205,"column":17},"end":{"line":207,"column":6}},"63":{"start":{"line":209,"column":4},"end":{"line":214,"column":5}},"64":{"start":{"line":210,"column":6},"end":{"line":213,"column":9}},"65":{"start":{"line":217,"column":28},"end":{"line":217,"column":74}},"66":{"start":{"line":219,"column":4},"end":{"line":224,"column":5}},"67":{"start":{"line":220,"column":6},"end":{"line":223,"column":9}},"68":{"start":{"line":227,"column":4},"end":{"line":232,"column":5}},"69":{"start":{"line":228,"column":6},"end":{"line":231,"column":9}},"70":{"start":{"line":235,"column":4},"end":{"line":237,"column":7}},"71":{"start":{"line":240,"column":18},"end":{"line":244,"column":6}},"72":{"start":{"line":247,"column":25},"end":{"line":259,"column":5}},"73":{"start":{"line":261,"column":4},"end":{"line":268,"column":7}},"74":{"start":{"line":271,"column":4},"end":{"line":271,"column":34}},"75":{"start":{"line":272,"column":4},"end":{"line":276,"column":7}},"76":{"start":{"line":281,"column":23},"end":{"line":322,"column":1}},"77":{"start":{"line":282,"column":2},"end":{"line":321,"column":3}},"78":{"start":{"line":283,"column":17},"end":{"line":285,"column":6}},"79":{"start":{"line":287,"column":4},"end":{"line":292,"column":5}},"80":{"start":{"line":288,"column":6},"end":{"line":291,"column":9}},"81":{"start":{"line":294,"column":25},"end":{"line":307,"column":5}},"82":{"start":{"line":309,"column":4},"end":{"line":312,"column":7}},"83":{"start":{"line":315,"column":4},"end":{"line":315,"column":38}},"84":{"start":{"line":316,"column":4},"end":{"line":320,"column":7}},"85":{"start":{"line":325,"column":22},"end":{"line":339,"column":1}},"86":{"start":{"line":326,"column":2},"end":{"line":338,"column":3}},"87":{"start":{"line":327,"column":25},"end":{"line":327,"column":40}},"88":{"start":{"line":328,"column":14},"end":{"line":328,"column":40}},"89":{"start":{"line":329,"column":4},"end":{"line":331,"column":5}},"90":{"start":{"line":330,"column":6},"end":{"line":330,"column":101}},"91":{"start":{"line":332,"column":21},"end":{"line":332,"column":64}},"92":{"start":{"line":333,"column":22},"end":{"line":333,"column":31}},"93":{"start":{"line":334,"column":4},"end":{"line":334,"column":101}},"94":{"start":{"line":336,"column":4},"end":{"line":336,"column":37}},"95":{"start":{"line":337,"column":4},"end":{"line":337,"column":72}},"96":{"start":{"line":341,"column":0},"end":{"line":490,"column":2}},"97":{"start":{"line":348,"column":4},"end":{"line":388,"column":5}},"98":{"start":{"line":349,"column":50},"end":{"line":349,"column":58}},"99":{"start":{"line":351,"column":6},"end":{"line":356,"column":7}},"100":{"start":{"line":352,"column":32},"end":{"line":352,"column":52}},"101":{"start":{"line":353,"column":8},"end":{"line":355,"column":9}},"102":{"start":{"line":354,"column":10},"end":{"line":354,"column":92}},"103":{"start":{"line":358,"column":6},"end":{"line":370,"column":7}},"104":{"start":{"line":359,"column":32},"end":{"line":359,"column":64}},"105":{"start":{"line":360,"column":8},"end":{"line":362,"column":9}},"106":{"start":{"line":361,"column":10},"end":{"line":361,"column":92}},"107":{"start":{"line":364,"column":30},"end":{"line":366,"column":10}},"108":{"start":{"line":367,"column":8},"end":{"line":369,"column":9}},"109":{"start":{"line":368,"column":10},"end":{"line":368,"column":83}},"110":{"start":{"line":372,"column":19},"end":{"line":372,"column":51}},"111":{"start":{"line":373,"column":6},"end":{"line":375,"column":7}},"112":{"start":{"line":374,"column":8},"end":{"line":374,"column":74}},"113":{"start":{"line":377,"column":28},"end":{"line":377,"column":30}},"114":{"start":{"line":378,"column":6},"end":{"line":378,"column":71}},"115":{"start":{"line":378,"column":31},"end":{"line":378,"column":71}},"116":{"start":{"line":379,"column":6},"end":{"line":379,"column":97}},"117":{"start":{"line":379,"column":37},"end":{"line":379,"column":97}},"118":{"start":{"line":380,"column":6},"end":{"line":380,"column":97}},"119":{"start":{"line":380,"column":37},"end":{"line":380,"column":97}},"120":{"start":{"line":382,"column":6},"end":{"line":382,"column":39}},"121":{"start":{"line":384,"column":6},"end":{"line":384,"column":144}},"122":{"start":{"line":386,"column":6},"end":{"line":386,"column":40}},"123":{"start":{"line":387,"column":6},"end":{"line":387,"column":67}},"124":{"start":{"line":391,"column":4},"end":{"line":407,"column":5}},"125":{"start":{"line":392,"column":43},"end":{"line":392,"column":57}},"126":{"start":{"line":393,"column":6},"end":{"line":395,"column":7}},"127":{"start":{"line":394,"column":8},"end":{"line":394,"column":74}},"128":{"start":{"line":396,"column":18},"end":{"line":396,"column":58}},"129":{"start":{"line":397,"column":19},"end":{"line":397,"column":73}},"130":{"start":{"line":398,"column":24},"end":{"line":398,"column":43}},"131":{"start":{"line":399,"column":6},"end":{"line":399,"column":54}},"132":{"start":{"line":400,"column":22},"end":{"line":400,"column":64}},"133":{"start":{"line":401,"column":6},"end":{"line":403,"column":7}},"134":{"start":{"line":402,"column":8},"end":{"line":402,"column":133}},"135":{"start":{"line":404,"column":6},"end":{"line":404,"column":43}},"136":{"start":{"line":406,"column":6},"end":{"line":406,"column":74}},"137":{"start":{"line":410,"column":4},"end":{"line":435,"column":5}},"138":{"start":{"line":411,"column":49},"end":{"line":411,"column":63}},"139":{"start":{"line":412,"column":6},"end":{"line":414,"column":7}},"140":{"start":{"line":413,"column":8},"end":{"line":413,"column":73}},"141":{"start":{"line":415,"column":18},"end":{"line":415,"column":58}},"142":{"start":{"line":416,"column":19},"end":{"line":416,"column":45}},"143":{"start":{"line":417,"column":6},"end":{"line":419,"column":7}},"144":{"start":{"line":418,"column":8},"end":{"line":418,"column":155}},"145":{"start":{"line":420,"column":6},"end":{"line":422,"column":7}},"146":{"start":{"line":421,"column":8},"end":{"line":421,"column":79}},"147":{"start":{"line":423,"column":6},"end":{"line":426,"column":7}},"148":{"start":{"line":424,"column":8},"end":{"line":424,"column":38}},"149":{"start":{"line":425,"column":8},"end":{"line":425,"column":75}},"150":{"start":{"line":427,"column":6},"end":{"line":429,"column":7}},"151":{"start":{"line":428,"column":8},"end":{"line":428,"column":74}},"152":{"start":{"line":430,"column":6},"end":{"line":430,"column":36}},"153":{"start":{"line":431,"column":6},"end":{"line":431,"column":64}},"154":{"start":{"line":432,"column":6},"end":{"line":432,"column":70}},"155":{"start":{"line":434,"column":6},"end":{"line":434,"column":74}},"156":{"start":{"line":438,"column":4},"end":{"line":457,"column":5}},"157":{"start":{"line":439,"column":53},"end":{"line":439,"column":67}},"158":{"start":{"line":440,"column":6},"end":{"line":442,"column":7}},"159":{"start":{"line":441,"column":8},"end":{"line":441,"column":75}},"160":{"start":{"line":443,"column":30},"end":{"line":443,"column":62}},"161":{"start":{"line":444,"column":6},"end":{"line":446,"column":7}},"162":{"start":{"line":445,"column":8},"end":{"line":445,"column":90}},"163":{"start":{"line":447,"column":19},"end":{"line":447,"column":100}},"164":{"start":{"line":448,"column":6},"end":{"line":450,"column":7}},"165":{"start":{"line":449,"column":8},"end":{"line":449,"column":79}},"166":{"start":{"line":451,"column":6},"end":{"line":453,"column":7}},"167":{"start":{"line":454,"column":6},"end":{"line":454,"column":58}},"168":{"start":{"line":456,"column":6},"end":{"line":456,"column":74}},"169":{"start":{"line":460,"column":4},"end":{"line":488,"column":5}},"170":{"start":{"line":461,"column":83},"end":{"line":461,"column":97}},"171":{"start":{"line":462,"column":6},"end":{"line":464,"column":7}},"172":{"start":{"line":463,"column":8},"end":{"line":463,"column":75}},"173":{"start":{"line":465,"column":6},"end":{"line":467,"column":7}},"174":{"start":{"line":466,"column":8},"end":{"line":466,"column":79}},"175":{"start":{"line":468,"column":28},"end":{"line":468,"column":57}},"176":{"start":{"line":469,"column":6},"end":{"line":471,"column":7}},"177":{"start":{"line":470,"column":8},"end":{"line":470,"column":101}},"178":{"start":{"line":472,"column":18},"end":{"line":472,"column":58}},"179":{"start":{"line":473,"column":16},"end":{"line":473,"column":45}},"180":{"start":{"line":474,"column":6},"end":{"line":476,"column":7}},"181":{"start":{"line":475,"column":8},"end":{"line":475,"column":80}},"182":{"start":{"line":477,"column":6},"end":{"line":477,"column":39}},"183":{"start":{"line":478,"column":19},"end":{"line":478,"column":100}},"184":{"start":{"line":479,"column":6},"end":{"line":481,"column":7}},"185":{"start":{"line":480,"column":8},"end":{"line":480,"column":79}},"186":{"start":{"line":482,"column":21},"end":{"line":482,"column":52}},"187":{"start":{"line":483,"column":6},"end":{"line":483,"column":46}},"188":{"start":{"line":484,"column":6},"end":{"line":484,"column":60}},"189":{"start":{"line":486,"column":6},"end":{"line":486,"column":48}},"190":{"start":{"line":487,"column":6},"end":{"line":487,"column":74}}},"fnMap":{"0":{"name":"(anonymous_0)","decl":{"start":{"line":10,"column":17},"end":{"line":10,"column":18}},"loc":{"start":{"line":10,"column":37},"end":{"line":189,"column":1}},"line":10},"1":{"name":"(anonymous_1)","decl":{"start":{"line":192,"column":14},"end":{"line":192,"column":15}},"loc":{"start":{"line":192,"column":34},"end":{"line":278,"column":1}},"line":192},"2":{"name":"(anonymous_2)","decl":{"start":{"line":281,"column":23},"end":{"line":281,"column":24}},"loc":{"start":{"line":281,"column":43},"end":{"line":322,"column":1}},"line":281},"3":{"name":"(anonymous_3)","decl":{"start":{"line":325,"column":22},"end":{"line":325,"column":23}},"loc":{"start":{"line":325,"column":42},"end":{"line":339,"column":1}},"line":325},"4":{"name":"(anonymous_4)","decl":{"start":{"line":347,"column":17},"end":{"line":347,"column":18}},"loc":{"start":{"line":347,"column":37},"end":{"line":389,"column":3}},"line":347},"5":{"name":"(anonymous_5)","decl":{"start":{"line":390,"column":24},"end":{"line":390,"column":25}},"loc":{"start":{"line":390,"column":44},"end":{"line":408,"column":3}},"line":390},"6":{"name":"(anonymous_6)","decl":{"start":{"line":409,"column":26},"end":{"line":409,"column":27}},"loc":{"start":{"line":409,"column":46},"end":{"line":436,"column":3}},"line":409},"7":{"name":"(anonymous_7)","decl":{"start":{"line":437,"column":18},"end":{"line":437,"column":19}},"loc":{"start":{"line":437,"column":38},"end":{"line":458,"column":3}},"line":437},"8":{"name":"(anonymous_8)","decl":{"start":{"line":459,"column":17},"end":{"line":459,"column":18}},"loc":{"start":{"line":459,"column":37},"end":{"line":489,"column":3}},"line":459}},"branchMap":{"0":{"loc":{"start":{"line":37,"column":4},"end":{"line":43,"column":5}},"type":"if","locations":[{"start":{"line":37,"column":4},"end":{"line":43,"column":5}},{"start":{},"end":{}}],"line":37},"1":{"loc":{"start":{"line":50,"column":4},"end":{"line":56,"column":5}},"type":"if","locations":[{"start":{"line":50,"column":4},"end":{"line":56,"column":5}},{"start":{},"end":{}}],"line":50},"2":{"loc":{"start":{"line":63,"column":4},"end":{"line":69,"column":5}},"type":"if","locations":[{"start":{"line":63,"column":4},"end":{"line":69,"column":5}},{"start":{},"end":{}}],"line":63},"3":{"loc":{"start":{"line":76,"column":4},"end":{"line":82,"column":5}},"type":"if","locations":[{"start":{"line":76,"column":4},"end":{"line":82,"column":5}},{"start":{},"end":{}}],"line":76},"4":{"loc":{"start":{"line":85,"column":4},"end":{"line":96,"column":5}},"type":"if","locations":[{"start":{"line":85,"column":4},"end":{"line":96,"column":5}},{"start":{},"end":{}}],"line":85},"5":{"loc":{"start":{"line":87,"column":23},"end":{"line":87,"column":43}},"type":"binary-expr","locations":[{"start":{"line":87,"column":23},"end":{"line":87,"column":34}},{"start":{"line":87,"column":38},"end":{"line":87,"column":43}}],"line":87},"6":{"loc":{"start":{"line":89,"column":8},"end":{"line":91,"column":9}},"type":"if","locations":[{"start":{"line":89,"column":8},"end":{"line":91,"column":9}},{"start":{},"end":{}}],"line":89},"7":{"loc":{"start":{"line":89,"column":12},"end":{"line":89,"column":62}},"type":"binary-expr","locations":[{"start":{"line":89,"column":12},"end":{"line":89,"column":14}},{"start":{"line":89,"column":18},"end":{"line":89,"column":62}}],"line":89},"8":{"loc":{"start":{"line":106,"column":15},"end":{"line":106,"column":28}},"type":"binary-expr","locations":[{"start":{"line":106,"column":15},"end":{"line":106,"column":21}},{"start":{"line":106,"column":25},"end":{"line":106,"column":28}}],"line":106},"9":{"loc":{"start":{"line":108,"column":13},"end":{"line":108,"column":26}},"type":"binary-expr","locations":[{"start":{"line":108,"column":13},"end":{"line":108,"column":18}},{"start":{"line":108,"column":22},"end":{"line":108,"column":26}}],"line":108},"10":{"loc":{"start":{"line":110,"column":20},"end":{"line":110,"column":40}},"type":"binary-expr","locations":[{"start":{"line":110,"column":20},"end":{"line":110,"column":31}},{"start":{"line":110,"column":35},"end":{"line":110,"column":40}}],"line":110},"11":{"loc":{"start":{"line":111,"column":22},"end":{"line":111,"column":85}},"type":"cond-expr","locations":[{"start":{"line":111,"column":74},"end":{"line":111,"column":78}},{"start":{"line":111,"column":81},"end":{"line":111,"column":85}}],"line":111},"12":{"loc":{"start":{"line":111,"column":23},"end":{"line":111,"column":70}},"type":"binary-expr","locations":[{"start":{"line":111,"column":23},"end":{"line":111,"column":44}},{"start":{"line":111,"column":48},"end":{"line":111,"column":70}}],"line":111},"13":{"loc":{"start":{"line":118,"column":44},"end":{"line":118,"column":59}},"type":"binary-expr","locations":[{"start":{"line":118,"column":44},"end":{"line":118,"column":54}},{"start":{"line":118,"column":58},"end":{"line":118,"column":59}}],"line":118},"14":{"loc":{"start":{"line":155,"column":4},"end":{"line":167,"column":5}},"type":"if","locations":[{"start":{"line":155,"column":4},"end":{"line":167,"column":5}},{"start":{},"end":{}}],"line":155},"15":{"loc":{"start":{"line":156,"column":20},"end":{"line":156,"column":57}},"type":"binary-expr","locations":[{"start":{"line":156,"column":20},"end":{"line":156,"column":44}},{"start":{"line":156,"column":48},"end":{"line":156,"column":57}}],"line":156},"16":{"loc":{"start":{"line":164,"column":17},"end":{"line":164,"column":51}},"type":"binary-expr","locations":[{"start":{"line":164,"column":17},"end":{"line":164,"column":31}},{"start":{"line":164,"column":35},"end":{"line":164,"column":51}}],"line":164},"17":{"loc":{"start":{"line":165,"column":16},"end":{"line":165,"column":74}},"type":"cond-expr","locations":[{"start":{"line":165,"column":35},"end":{"line":165,"column":62}},{"start":{"line":165,"column":65},"end":{"line":165,"column":74}}],"line":165},"18":{"loc":{"start":{"line":168,"column":4},"end":{"line":182,"column":5}},"type":"if","locations":[{"start":{"line":168,"column":4},"end":{"line":182,"column":5}},{"start":{},"end":{}}],"line":168},"19":{"loc":{"start":{"line":170,"column":20},"end":{"line":170,"column":54}},"type":"binary-expr","locations":[{"start":{"line":170,"column":20},"end":{"line":170,"column":34}},{"start":{"line":170,"column":38},"end":{"line":170,"column":54}}],"line":170},"20":{"loc":{"start":{"line":173,"column":6},"end":{"line":173,"column":77}},"type":"if","locations":[{"start":{"line":173,"column":6},"end":{"line":173,"column":77}},{"start":{},"end":{}}],"line":173},"21":{"loc":{"start":{"line":173,"column":10},"end":{"line":173,"column":47}},"type":"binary-expr","locations":[{"start":{"line":173,"column":10},"end":{"line":173,"column":30}},{"start":{"line":173,"column":34},"end":{"line":173,"column":47}}],"line":173},"22":{"loc":{"start":{"line":174,"column":6},"end":{"line":174,"column":83}},"type":"if","locations":[{"start":{"line":174,"column":6},"end":{"line":174,"column":83}},{"start":{},"end":{}}],"line":174},"23":{"loc":{"start":{"line":174,"column":10},"end":{"line":174,"column":46}},"type":"binary-expr","locations":[{"start":{"line":174,"column":10},"end":{"line":174,"column":30}},{"start":{"line":174,"column":34},"end":{"line":174,"column":46}}],"line":174},"24":{"loc":{"start":{"line":175,"column":6},"end":{"line":175,"column":80}},"type":"if","locations":[{"start":{"line":175,"column":6},"end":{"line":175,"column":80}},{"start":{},"end":{}}],"line":175},"25":{"loc":{"start":{"line":175,"column":10},"end":{"line":175,"column":48}},"type":"binary-expr","locations":[{"start":{"line":175,"column":10},"end":{"line":175,"column":31}},{"start":{"line":175,"column":35},"end":{"line":175,"column":48}}],"line":175},"26":{"loc":{"start":{"line":176,"column":6},"end":{"line":176,"column":75}},"type":"if","locations":[{"start":{"line":176,"column":6},"end":{"line":176,"column":75}},{"start":{},"end":{}}],"line":176},"27":{"loc":{"start":{"line":176,"column":10},"end":{"line":176,"column":50}},"type":"binary-expr","locations":[{"start":{"line":176,"column":10},"end":{"line":176,"column":34}},{"start":{"line":176,"column":38},"end":{"line":176,"column":50}}],"line":176},"28":{"loc":{"start":{"line":180,"column":16},"end":{"line":180,"column":56}},"type":"cond-expr","locations":[{"start":{"line":180,"column":24},"end":{"line":180,"column":44}},{"start":{"line":180,"column":47},"end":{"line":180,"column":56}}],"line":180},"29":{"loc":{"start":{"line":186,"column":13},"end":{"line":186,"column":79}},"type":"cond-expr","locations":[{"start":{"line":186,"column":54},"end":{"line":186,"column":67}},{"start":{"line":186,"column":70},"end":{"line":186,"column":79}}],"line":186},"30":{"loc":{"start":{"line":197,"column":4},"end":{"line":202,"column":5}},"type":"if","locations":[{"start":{"line":197,"column":4},"end":{"line":202,"column":5}},{"start":{},"end":{}}],"line":197},"31":{"loc":{"start":{"line":197,"column":8},"end":{"line":197,"column":30}},"type":"binary-expr","locations":[{"start":{"line":197,"column":8},"end":{"line":197,"column":17}},{"start":{"line":197,"column":21},"end":{"line":197,"column":30}}],"line":197},"32":{"loc":{"start":{"line":209,"column":4},"end":{"line":214,"column":5}},"type":"if","locations":[{"start":{"line":209,"column":4},"end":{"line":214,"column":5}},{"start":{},"end":{}}],"line":209},"33":{"loc":{"start":{"line":219,"column":4},"end":{"line":224,"column":5}},"type":"if","locations":[{"start":{"line":219,"column":4},"end":{"line":224,"column":5}},{"start":{},"end":{}}],"line":219},"34":{"loc":{"start":{"line":227,"column":4},"end":{"line":232,"column":5}},"type":"if","locations":[{"start":{"line":227,"column":4},"end":{"line":232,"column":5}},{"start":{},"end":{}}],"line":227},"35":{"loc":{"start":{"line":275,"column":13},"end":{"line":275,"column":79}},"type":"cond-expr","locations":[{"start":{"line":275,"column":54},"end":{"line":275,"column":67}},{"start":{"line":275,"column":70},"end":{"line":275,"column":79}}],"line":275},"36":{"loc":{"start":{"line":287,"column":4},"end":{"line":292,"column":5}},"type":"if","locations":[{"start":{"line":287,"column":4},"end":{"line":292,"column":5}},{"start":{},"end":{}}],"line":287},"37":{"loc":{"start":{"line":319,"column":13},"end":{"line":319,"column":79}},"type":"cond-expr","locations":[{"start":{"line":319,"column":54},"end":{"line":319,"column":67}},{"start":{"line":319,"column":70},"end":{"line":319,"column":79}}],"line":319},"38":{"loc":{"start":{"line":327,"column":25},"end":{"line":327,"column":40}},"type":"binary-expr","locations":[{"start":{"line":327,"column":25},"end":{"line":327,"column":34}},{"start":{"line":327,"column":38},"end":{"line":327,"column":40}}],"line":327},"39":{"loc":{"start":{"line":329,"column":4},"end":{"line":331,"column":5}},"type":"if","locations":[{"start":{"line":329,"column":4},"end":{"line":331,"column":5}},{"start":{},"end":{}}],"line":329},"40":{"loc":{"start":{"line":334,"column":46},"end":{"line":334,"column":76}},"type":"cond-expr","locations":[{"start":{"line":334,"column":58},"end":{"line":334,"column":65}},{"start":{"line":334,"column":68},"end":{"line":334,"column":76}}],"line":334},"41":{"loc":{"start":{"line":351,"column":6},"end":{"line":356,"column":7}},"type":"if","locations":[{"start":{"line":351,"column":6},"end":{"line":356,"column":7}},{"start":{},"end":{}}],"line":351},"42":{"loc":{"start":{"line":353,"column":8},"end":{"line":355,"column":9}},"type":"if","locations":[{"start":{"line":353,"column":8},"end":{"line":355,"column":9}},{"start":{},"end":{}}],"line":353},"43":{"loc":{"start":{"line":358,"column":6},"end":{"line":370,"column":7}},"type":"if","locations":[{"start":{"line":358,"column":6},"end":{"line":370,"column":7}},{"start":{},"end":{}}],"line":358},"44":{"loc":{"start":{"line":360,"column":8},"end":{"line":362,"column":9}},"type":"if","locations":[{"start":{"line":360,"column":8},"end":{"line":362,"column":9}},{"start":{},"end":{}}],"line":360},"45":{"loc":{"start":{"line":367,"column":8},"end":{"line":369,"column":9}},"type":"if","locations":[{"start":{"line":367,"column":8},"end":{"line":369,"column":9}},{"start":{},"end":{}}],"line":367},"46":{"loc":{"start":{"line":373,"column":6},"end":{"line":375,"column":7}},"type":"if","locations":[{"start":{"line":373,"column":6},"end":{"line":375,"column":7}},{"start":{},"end":{}}],"line":373},"47":{"loc":{"start":{"line":378,"column":6},"end":{"line":378,"column":71}},"type":"if","locations":[{"start":{"line":378,"column":6},"end":{"line":378,"column":71}},{"start":{},"end":{}}],"line":378},"48":{"loc":{"start":{"line":379,"column":6},"end":{"line":379,"column":97}},"type":"if","locations":[{"start":{"line":379,"column":6},"end":{"line":379,"column":97}},{"start":{},"end":{}}],"line":379},"49":{"loc":{"start":{"line":380,"column":6},"end":{"line":380,"column":97}},"type":"if","locations":[{"start":{"line":380,"column":6},"end":{"line":380,"column":97}},{"start":{},"end":{}}],"line":380},"50":{"loc":{"start":{"line":392,"column":43},"end":{"line":392,"column":57}},"type":"binary-expr","locations":[{"start":{"line":392,"column":43},"end":{"line":392,"column":51}},{"start":{"line":392,"column":55},"end":{"line":392,"column":57}}],"line":392},"51":{"loc":{"start":{"line":393,"column":6},"end":{"line":395,"column":7}},"type":"if","locations":[{"start":{"line":393,"column":6},"end":{"line":395,"column":7}},{"start":{},"end":{}}],"line":393},"52":{"loc":{"start":{"line":396,"column":21},"end":{"line":396,"column":41}},"type":"binary-expr","locations":[{"start":{"line":396,"column":21},"end":{"line":396,"column":32}},{"start":{"line":396,"column":36},"end":{"line":396,"column":41}}],"line":396},"53":{"loc":{"start":{"line":401,"column":6},"end":{"line":403,"column":7}},"type":"if","locations":[{"start":{"line":401,"column":6},"end":{"line":403,"column":7}},{"start":{},"end":{}}],"line":401},"54":{"loc":{"start":{"line":402,"column":44},"end":{"line":402,"column":64}},"type":"binary-expr","locations":[{"start":{"line":402,"column":44},"end":{"line":402,"column":55}},{"start":{"line":402,"column":59},"end":{"line":402,"column":64}}],"line":402},"55":{"loc":{"start":{"line":411,"column":49},"end":{"line":411,"column":63}},"type":"binary-expr","locations":[{"start":{"line":411,"column":49},"end":{"line":411,"column":57}},{"start":{"line":411,"column":61},"end":{"line":411,"column":63}}],"line":411},"56":{"loc":{"start":{"line":412,"column":6},"end":{"line":414,"column":7}},"type":"if","locations":[{"start":{"line":412,"column":6},"end":{"line":414,"column":7}},{"start":{},"end":{}}],"line":412},"57":{"loc":{"start":{"line":412,"column":10},"end":{"line":412,"column":31}},"type":"binary-expr","locations":[{"start":{"line":412,"column":10},"end":{"line":412,"column":22}},{"start":{"line":412,"column":26},"end":{"line":412,"column":31}}],"line":412},"58":{"loc":{"start":{"line":415,"column":21},"end":{"line":415,"column":41}},"type":"binary-expr","locations":[{"start":{"line":415,"column":21},"end":{"line":415,"column":32}},{"start":{"line":415,"column":36},"end":{"line":415,"column":41}}],"line":415},"59":{"loc":{"start":{"line":417,"column":6},"end":{"line":419,"column":7}},"type":"if","locations":[{"start":{"line":417,"column":6},"end":{"line":419,"column":7}},{"start":{},"end":{}}],"line":417},"60":{"loc":{"start":{"line":418,"column":63},"end":{"line":418,"column":86}},"type":"cond-expr","locations":[{"start":{"line":418,"column":70},"end":{"line":418,"column":79}},{"start":{"line":418,"column":82},"end":{"line":418,"column":86}}],"line":418},"61":{"loc":{"start":{"line":418,"column":99},"end":{"line":418,"column":151}},"type":"cond-expr","locations":[{"start":{"line":418,"column":106},"end":{"line":418,"column":144}},{"start":{"line":418,"column":147},"end":{"line":418,"column":151}}],"line":418},"62":{"loc":{"start":{"line":420,"column":6},"end":{"line":422,"column":7}},"type":"if","locations":[{"start":{"line":420,"column":6},"end":{"line":422,"column":7}},{"start":{},"end":{}}],"line":420},"63":{"loc":{"start":{"line":423,"column":6},"end":{"line":426,"column":7}},"type":"if","locations":[{"start":{"line":423,"column":6},"end":{"line":426,"column":7}},{"start":{},"end":{}}],"line":423},"64":{"loc":{"start":{"line":427,"column":6},"end":{"line":429,"column":7}},"type":"if","locations":[{"start":{"line":427,"column":6},"end":{"line":429,"column":7}},{"start":{},"end":{}}],"line":427},"65":{"loc":{"start":{"line":439,"column":53},"end":{"line":439,"column":67}},"type":"binary-expr","locations":[{"start":{"line":439,"column":53},"end":{"line":439,"column":61}},{"start":{"line":439,"column":65},"end":{"line":439,"column":67}}],"line":439},"66":{"loc":{"start":{"line":440,"column":6},"end":{"line":442,"column":7}},"type":"if","locations":[{"start":{"line":440,"column":6},"end":{"line":442,"column":7}},{"start":{},"end":{}}],"line":440},"67":{"loc":{"start":{"line":440,"column":10},"end":{"line":440,"column":35}},"type":"binary-expr","locations":[{"start":{"line":440,"column":10},"end":{"line":440,"column":22}},{"start":{"line":440,"column":26},"end":{"line":440,"column":35}}],"line":440},"68":{"loc":{"start":{"line":444,"column":6},"end":{"line":446,"column":7}},"type":"if","locations":[{"start":{"line":444,"column":6},"end":{"line":446,"column":7}},{"start":{},"end":{}}],"line":444},"69":{"loc":{"start":{"line":448,"column":6},"end":{"line":450,"column":7}},"type":"if","locations":[{"start":{"line":448,"column":6},"end":{"line":450,"column":7}},{"start":{},"end":{}}],"line":448},"70":{"loc":{"start":{"line":451,"column":6},"end":{"line":453,"column":7}},"type":"if","locations":[{"start":{"line":451,"column":6},"end":{"line":453,"column":7}},{"start":{},"end":{}}],"line":451},"71":{"loc":{"start":{"line":451,"column":10},"end":{"line":451,"column":79}},"type":"binary-expr","locations":[{"start":{"line":451,"column":10},"end":{"line":451,"column":21}},{"start":{"line":451,"column":25},"end":{"line":451,"column":42}},{"start":{"line":451,"column":46},"end":{"line":451,"column":79}}],"line":451},"72":{"loc":{"start":{"line":461,"column":83},"end":{"line":461,"column":97}},"type":"binary-expr","locations":[{"start":{"line":461,"column":83},"end":{"line":461,"column":91}},{"start":{"line":461,"column":95},"end":{"line":461,"column":97}}],"line":461},"73":{"loc":{"start":{"line":462,"column":6},"end":{"line":464,"column":7}},"type":"if","locations":[{"start":{"line":462,"column":6},"end":{"line":464,"column":7}},{"start":{},"end":{}}],"line":462},"74":{"loc":{"start":{"line":462,"column":10},"end":{"line":462,"column":71}},"type":"binary-expr","locations":[{"start":{"line":462,"column":10},"end":{"line":462,"column":22}},{"start":{"line":462,"column":26},"end":{"line":462,"column":35}},{"start":{"line":462,"column":39},"end":{"line":462,"column":51}},{"start":{"line":462,"column":55},"end":{"line":462,"column":71}}],"line":462},"75":{"loc":{"start":{"line":465,"column":6},"end":{"line":467,"column":7}},"type":"if","locations":[{"start":{"line":465,"column":6},"end":{"line":467,"column":7}},{"start":{},"end":{}}],"line":465},"76":{"loc":{"start":{"line":469,"column":6},"end":{"line":471,"column":7}},"type":"if","locations":[{"start":{"line":469,"column":6},"end":{"line":471,"column":7}},{"start":{},"end":{}}],"line":469},"77":{"loc":{"start":{"line":470,"column":63},"end":{"line":470,"column":97}},"type":"binary-expr","locations":[{"start":{"line":470,"column":63},"end":{"line":470,"column":84}},{"start":{"line":470,"column":88},"end":{"line":470,"column":97}}],"line":470},"78":{"loc":{"start":{"line":472,"column":21},"end":{"line":472,"column":41}},"type":"binary-expr","locations":[{"start":{"line":472,"column":21},"end":{"line":472,"column":32}},{"start":{"line":472,"column":36},"end":{"line":472,"column":41}}],"line":472},"79":{"loc":{"start":{"line":474,"column":6},"end":{"line":476,"column":7}},"type":"if","locations":[{"start":{"line":474,"column":6},"end":{"line":476,"column":7}},{"start":{},"end":{}}],"line":474},"80":{"loc":{"start":{"line":474,"column":10},"end":{"line":474,"column":60}},"type":"binary-expr","locations":[{"start":{"line":474,"column":10},"end":{"line":474,"column":12}},{"start":{"line":474,"column":16},"end":{"line":474,"column":60}}],"line":474},"81":{"loc":{"start":{"line":479,"column":6},"end":{"line":481,"column":7}},"type":"if","locations":[{"start":{"line":479,"column":6},"end":{"line":481,"column":7}},{"start":{},"end":{}}],"line":479},"82":{"loc":{"start":{"line":486,"column":31},"end":{"line":486,"column":46}},"type":"binary-expr","locations":[{"start":{"line":486,"column":31},"end":{"line":486,"column":41}},{"start":{"line":486,"column":45},"end":{"line":486,"column":46}}],"line":486}},"s":{"0":7,"1":7,"2":7,"3":7,"4":7,"5":7,"6":7,"7":5,"8":5,"9":5,"10":5,"11":0,"12":5,"13":5,"14":0,"15":5,"16":5,"17":0,"18":5,"19":5,"20":0,"21":5,"22":0,"23":0,"24":0,"25":0,"26":0,"27":0,"28":0,"29":5,"30":5,"31":5,"32":5,"33":0,"34":5,"35":5,"36":5,"37":0,"38":0,"39":0,"40":0,"41":0,"42":0,"43":0,"44":0,"45":0,"46":0,"47":0,"48":0,"49":0,"50":0,"51":0,"52":0,"53":0,"54":0,"55":0,"56":0,"57":7,"58":4,"59":4,"60":4,"61":0,"62":4,"63":4,"64":0,"65":4,"66":4,"67":0,"68":4,"69":0,"70":4,"71":4,"72":4,"73":4,"74":0,"75":0,"76":7,"77":2,"78":2,"79":2,"80":0,"81":2,"82":2,"83":0,"84":0,"85":7,"86":0,"87":0,"88":0,"89":0,"90":0,"91":0,"92":0,"93":0,"94":0,"95":0,"96":7,"97":2,"98":2,"99":2,"100":2,"101":2,"102":0,"103":2,"104":0,"105":0,"106":0,"107":0,"108":0,"109":0,"110":2,"111":2,"112":0,"113":2,"114":2,"115":2,"116":2,"117":0,"118":2,"119":0,"120":2,"121":2,"122":0,"123":0,"124":0,"125":0,"126":0,"127":0,"128":0,"129":0,"130":0,"131":0,"132":0,"133":0,"134":0,"135":0,"136":0,"137":0,"138":0,"139":0,"140":0,"141":0,"142":0,"143":0,"144":0,"145":0,"146":0,"147":0,"148":0,"149":0,"150":0,"151":0,"152":0,"153":0,"154":0,"155":0,"156":0,"157":0,"158":0,"159":0,"160":0,"161":0,"162":0,"163":0,"164":0,"165":0,"166":0,"167":0,"168":0,"169":0,"170":0,"171":0,"172":0,"173":0,"174":0,"175":0,"176":0,"177":0,"178":0,"179":0,"180":0,"181":0,"182":0,"183":0,"184":0,"185":0,"186":0,"187":0,"188":0,"189":0,"190":0},"f":{"0":5,"1":4,"2":2,"3":0,"4":2,"5":0,"6":0,"7":0,"8":0},"b":{"0":[0,5],"1":[0,5],"2":[0,5],"3":[0,5],"4":[0,5],"5":[0,0],"6":[0,0],"7":[0,0],"8":[5,0],"9":[5,3],"10":[5,4],"11":[0,5],"12":[5,5],"13":[0,0],"14":[0,0],"15":[0,0],"16":[0,0],"17":[0,0],"18":[0,0],"19":[0,0],"20":[0,0],"21":[0,0],"22":[0,0],"23":[0,0],"24":[0,0],"25":[0,0],"26":[0,0],"27":[0,0],"28":[0,0],"29":[0,0],"30":[0,4],"31":[4,4],"32":[0,4],"33":[0,4],"34":[0,4],"35":[0,0],"36":[0,2],"37":[0,0],"38":[0,0],"39":[0,0],"40":[0,0],"41":[2,0],"42":[0,2],"43":[0,2],"44":[0,0],"45":[0,0],"46":[0,2],"47":[2,0],"48":[0,2],"49":[0,2],"50":[0,0],"51":[0,0],"52":[0,0],"53":[0,0],"54":[0,0],"55":[0,0],"56":[0,0],"57":[0,0],"58":[0,0],"59":[0,0],"60":[0,0],"61":[0,0],"62":[0,0],"63":[0,0],"64":[0,0],"65":[0,0],"66":[0,0],"67":[0,0],"68":[0,0],"69":[0,0],"70":[0,0],"71":[0,0,0],"72":[0,0],"73":[0,0],"74":[0,0,0,0],"75":[0,0],"76":[0,0],"77":[0,0],"78":[0,0],"79":[0,0],"80":[0,0],"81":[0,0],"82":[0,0]},"_coverageSchema":"1a1c01bbd47fc00a2c39e90264f33305004495a9","hash":"211c5906f13434e3b0e3fcaedd99111e7d7848da"}
,"E:\\a_github\\12306\\backend\\src\\controllers\\orderController.js": {"path":"E:\\a_github\\12306\\backend\\src\\controllers\\orderController.js","statementMap":{"0":{"start":{"line":1,"column":58},"end":{"line":1,"column":78}},"1":{"start":{"line":2,"column":28},"end":{"line":2,"column":58}},"2":{"start":{"line":3,"column":15},"end":{"line":3,"column":35}},"3":{"start":{"line":6,"column":20},"end":{"line":266,"column":1}},"4":{"start":{"line":7,"column":22},"end":{"line":7,"column":57}},"5":{"start":{"line":9,"column":2},"end":{"line":265,"column":3}},"6":{"start":{"line":16,"column":8},"end":{"line":16,"column":16}},"7":{"start":{"line":19,"column":4},"end":{"line":24,"column":5}},"8":{"start":{"line":20,"column":6},"end":{"line":23,"column":9}},"9":{"start":{"line":27,"column":17},"end":{"line":27,"column":49}},"10":{"start":{"line":28,"column":4},"end":{"line":33,"column":5}},"11":{"start":{"line":29,"column":6},"end":{"line":32,"column":9}},"12":{"start":{"line":36,"column":18},"end":{"line":38,"column":6}},"13":{"start":{"line":40,"column":4},"end":{"line":45,"column":5}},"14":{"start":{"line":41,"column":6},"end":{"line":44,"column":9}},"15":{"start":{"line":48,"column":29},"end":{"line":48,"column":31}},"16":{"start":{"line":51,"column":26},"end":{"line":51,"column":28}},"17":{"start":{"line":52,"column":4},"end":{"line":54,"column":7}},"18":{"start":{"line":53,"column":6},"end":{"line":53,"column":89}},"19":{"start":{"line":57,"column":4},"end":{"line":128,"column":5}},"20":{"start":{"line":58,"column":6},"end":{"line":67,"column":16}},"21":{"start":{"line":59,"column":8},"end":{"line":66,"column":9}},"22":{"start":{"line":60,"column":10},"end":{"line":65,"column":13}},"23":{"start":{"line":68,"column":24},"end":{"line":76,"column":8}},"24":{"start":{"line":78,"column":6},"end":{"line":96,"column":7}},"25":{"start":{"line":79,"column":8},"end":{"line":90,"column":18}},"26":{"start":{"line":80,"column":10},"end":{"line":89,"column":11}},"27":{"start":{"line":81,"column":26},"end":{"line":87,"column":14}},"28":{"start":{"line":88,"column":12},"end":{"line":88,"column":117}},"29":{"start":{"line":88,"column":55},"end":{"line":88,"column":113}},"30":{"start":{"line":91,"column":8},"end":{"line":91,"column":37}},"31":{"start":{"line":92,"column":8},"end":{"line":95,"column":11}},"32":{"start":{"line":98,"column":6},"end":{"line":104,"column":7}},"33":{"start":{"line":99,"column":8},"end":{"line":99,"column":37}},"34":{"start":{"line":100,"column":8},"end":{"line":103,"column":11}},"35":{"start":{"line":107,"column":32},"end":{"line":107,"column":64}},"36":{"start":{"line":110,"column":6},"end":{"line":116,"column":7}},"37":{"start":{"line":111,"column":8},"end":{"line":111,"column":37}},"38":{"start":{"line":112,"column":8},"end":{"line":115,"column":11}},"39":{"start":{"line":119,"column":6},"end":{"line":121,"column":26}},"40":{"start":{"line":123,"column":6},"end":{"line":127,"column":9}},"41":{"start":{"line":131,"column":20},"end":{"line":131,"column":37}},"42":{"start":{"line":134,"column":18},"end":{"line":148,"column":23}},"43":{"start":{"line":151,"column":28},"end":{"line":151,"column":30}},"44":{"start":{"line":152,"column":25},"end":{"line":152,"column":26}},"45":{"start":{"line":155,"column":23},"end":{"line":155,"column":32}},"46":{"start":{"line":156,"column":4},"end":{"line":160,"column":7}},"47":{"start":{"line":157,"column":18},"end":{"line":157,"column":50}},"48":{"start":{"line":158,"column":6},"end":{"line":158,"column":20}},"49":{"start":{"line":159,"column":6},"end":{"line":159,"column":38}},"50":{"start":{"line":162,"column":26},"end":{"line":162,"column":66}},"51":{"start":{"line":164,"column":4},"end":{"line":183,"column":5}},"52":{"start":{"line":165,"column":20},"end":{"line":169,"column":8}},"53":{"start":{"line":166,"column":20},"end":{"line":166,"column":38}},"54":{"start":{"line":168,"column":8},"end":{"line":168,"column":39}},"55":{"start":{"line":171,"column":28},"end":{"line":178,"column":7}},"56":{"start":{"line":180,"column":6},"end":{"line":182,"column":9}},"57":{"start":{"line":181,"column":8},"end":{"line":181,"column":46}},"58":{"start":{"line":186,"column":4},"end":{"line":213,"column":5}},"59":{"start":{"line":186,"column":17},"end":{"line":186,"column":18}},"60":{"start":{"line":187,"column":25},"end":{"line":187,"column":39}},"61":{"start":{"line":188,"column":24},"end":{"line":188,"column":37}},"62":{"start":{"line":189,"column":6},"end":{"line":192,"column":7}},"63":{"start":{"line":190,"column":8},"end":{"line":190,"column":37}},"64":{"start":{"line":191,"column":8},"end":{"line":191,"column":76}},"65":{"start":{"line":194,"column":25},"end":{"line":194,"column":41}},"66":{"start":{"line":196,"column":6},"end":{"line":199,"column":7}},"67":{"start":{"line":197,"column":8},"end":{"line":197,"column":37}},"68":{"start":{"line":198,"column":8},"end":{"line":198,"column":91}},"69":{"start":{"line":200,"column":29},"end":{"line":210,"column":25}},"70":{"start":{"line":212,"column":6},"end":{"line":212,"column":43}},"71":{"start":{"line":215,"column":4},"end":{"line":215,"column":31}},"72":{"start":{"line":218,"column":32},"end":{"line":223,"column":6}},"73":{"start":{"line":225,"column":4},"end":{"line":233,"column":7}},"74":{"start":{"line":237,"column":4},"end":{"line":239,"column":5}},"75":{"start":{"line":238,"column":6},"end":{"line":238,"column":35}},"76":{"start":{"line":241,"column":4},"end":{"line":241,"column":36}},"77":{"start":{"line":244,"column":4},"end":{"line":250,"column":5}},"78":{"start":{"line":245,"column":6},"end":{"line":249,"column":9}},"79":{"start":{"line":252,"column":4},"end":{"line":258,"column":5}},"80":{"start":{"line":253,"column":6},"end":{"line":257,"column":9}},"81":{"start":{"line":260,"column":4},"end":{"line":264,"column":7}},"82":{"start":{"line":269,"column":30},"end":{"line":383,"column":1}},"83":{"start":{"line":271,"column":24},"end":{"line":283,"column":4}},"84":{"start":{"line":284,"column":19},"end":{"line":284,"column":64}},"85":{"start":{"line":284,"column":50},"end":{"line":284,"column":62}},"86":{"start":{"line":287,"column":18},"end":{"line":287,"column":39}},"87":{"start":{"line":288,"column":15},"end":{"line":288,"column":49}},"88":{"start":{"line":288,"column":45},"end":{"line":288,"column":48}},"89":{"start":{"line":289,"column":15},"end":{"line":289,"column":50}},"90":{"start":{"line":289,"column":46},"end":{"line":289,"column":49}},"91":{"start":{"line":290,"column":19},"end":{"line":290,"column":21}},"92":{"start":{"line":291,"column":2},"end":{"line":297,"column":3}},"93":{"start":{"line":292,"column":4},"end":{"line":296,"column":5}},"94":{"start":{"line":293,"column":6},"end":{"line":295,"column":7}},"95":{"start":{"line":294,"column":8},"end":{"line":294,"column":76}},"96":{"start":{"line":299,"column":24},"end":{"line":313,"column":3}},"97":{"start":{"line":300,"column":16},"end":{"line":300,"column":25}},"98":{"start":{"line":301,"column":4},"end":{"line":306,"column":7}},"99":{"start":{"line":302,"column":18},"end":{"line":302,"column":37}},"100":{"start":{"line":303,"column":18},"end":{"line":303,"column":36}},"101":{"start":{"line":304,"column":6},"end":{"line":304,"column":18}},"102":{"start":{"line":305,"column":6},"end":{"line":305,"column":24}},"103":{"start":{"line":307,"column":4},"end":{"line":312,"column":7}},"104":{"start":{"line":308,"column":24},"end":{"line":308,"column":61}},"105":{"start":{"line":308,"column":46},"end":{"line":308,"column":60}},"106":{"start":{"line":310,"column":6},"end":{"line":310,"column":77}},"107":{"start":{"line":310,"column":24},"end":{"line":310,"column":75}},"108":{"start":{"line":311,"column":6},"end":{"line":311,"column":33}},"109":{"start":{"line":315,"column":20},"end":{"line":315,"column":42}},"110":{"start":{"line":316,"column":21},"end":{"line":316,"column":39}},"111":{"start":{"line":318,"column":30},"end":{"line":343,"column":3}},"112":{"start":{"line":319,"column":19},"end":{"line":319,"column":21}},"113":{"start":{"line":320,"column":17},"end":{"line":320,"column":26}},"114":{"start":{"line":322,"column":4},"end":{"line":326,"column":7}},"115":{"start":{"line":323,"column":6},"end":{"line":323,"column":24}},"116":{"start":{"line":323,"column":17},"end":{"line":323,"column":24}},"117":{"start":{"line":324,"column":20},"end":{"line":324,"column":74}},"118":{"start":{"line":324,"column":41},"end":{"line":324,"column":73}},"119":{"start":{"line":325,"column":6},"end":{"line":325,"column":57}},"120":{"start":{"line":325,"column":19},"end":{"line":325,"column":38}},"121":{"start":{"line":325,"column":39},"end":{"line":325,"column":55}},"122":{"start":{"line":328,"column":26},"end":{"line":335,"column":5}},"123":{"start":{"line":329,"column":6},"end":{"line":334,"column":7}},"124":{"start":{"line":330,"column":23},"end":{"line":330,"column":37}},"125":{"start":{"line":331,"column":8},"end":{"line":333,"column":9}},"126":{"start":{"line":332,"column":10},"end":{"line":332,"column":28}},"127":{"start":{"line":332,"column":29},"end":{"line":332,"column":44}},"128":{"start":{"line":336,"column":4},"end":{"line":336,"column":55}},"129":{"start":{"line":336,"column":30},"end":{"line":336,"column":55}},"130":{"start":{"line":337,"column":4},"end":{"line":337,"column":56}},"131":{"start":{"line":337,"column":30},"end":{"line":337,"column":56}},"132":{"start":{"line":339,"column":4},"end":{"line":341,"column":5}},"133":{"start":{"line":340,"column":6},"end":{"line":340,"column":89}},"134":{"start":{"line":340,"column":53},"end":{"line":340,"column":71}},"135":{"start":{"line":340,"column":72},"end":{"line":340,"column":87}},"136":{"start":{"line":342,"column":4},"end":{"line":342,"column":49}},"137":{"start":{"line":345,"column":18},"end":{"line":345,"column":41}},"138":{"start":{"line":346,"column":17},"end":{"line":346,"column":44}},"139":{"start":{"line":347,"column":18},"end":{"line":347,"column":23}},"140":{"start":{"line":348,"column":18},"end":{"line":348,"column":37}},"141":{"start":{"line":351,"column":2},"end":{"line":361,"column":3}},"142":{"start":{"line":352,"column":18},"end":{"line":352,"column":73}},"143":{"start":{"line":352,"column":36},"end":{"line":352,"column":57}},"144":{"start":{"line":352,"column":66},"end":{"line":352,"column":72}},"145":{"start":{"line":353,"column":4},"end":{"line":360,"column":5}},"146":{"start":{"line":354,"column":21},"end":{"line":354,"column":69}},"147":{"start":{"line":355,"column":6},"end":{"line":359,"column":7}},"148":{"start":{"line":357,"column":8},"end":{"line":357,"column":89}},"149":{"start":{"line":357,"column":19},"end":{"line":357,"column":20}},"150":{"start":{"line":357,"column":40},"end":{"line":357,"column":62}},"151":{"start":{"line":357,"column":63},"end":{"line":357,"column":87}},"152":{"start":{"line":358,"column":8},"end":{"line":358,"column":22}},"153":{"start":{"line":364,"column":2},"end":{"line":376,"column":3}},"154":{"start":{"line":365,"column":20},"end":{"line":365,"column":50}},"155":{"start":{"line":365,"column":38},"end":{"line":365,"column":49}},"156":{"start":{"line":366,"column":19},"end":{"line":366,"column":21}},"157":{"start":{"line":367,"column":4},"end":{"line":371,"column":5}},"158":{"start":{"line":368,"column":20},"end":{"line":368,"column":75}},"159":{"start":{"line":368,"column":38},"end":{"line":368,"column":59}},"160":{"start":{"line":368,"column":68},"end":{"line":368,"column":74}},"161":{"start":{"line":369,"column":6},"end":{"line":369,"column":28}},"162":{"start":{"line":370,"column":6},"end":{"line":370,"column":44}},"163":{"start":{"line":370,"column":38},"end":{"line":370,"column":44}},"164":{"start":{"line":372,"column":4},"end":{"line":375,"column":5}},"165":{"start":{"line":373,"column":21},"end":{"line":373,"column":70}},"166":{"start":{"line":374,"column":6},"end":{"line":374,"column":115}},"167":{"start":{"line":374,"column":20},"end":{"line":374,"column":98}},"168":{"start":{"line":374,"column":31},"end":{"line":374,"column":32}},"169":{"start":{"line":374,"column":51},"end":{"line":374,"column":71}},"170":{"start":{"line":374,"column":72},"end":{"line":374,"column":96}},"171":{"start":{"line":374,"column":99},"end":{"line":374,"column":113}},"172":{"start":{"line":379,"column":19},"end":{"line":379,"column":75}},"173":{"start":{"line":379,"column":38},"end":{"line":379,"column":59}},"174":{"start":{"line":379,"column":68},"end":{"line":379,"column":74}},"175":{"start":{"line":380,"column":17},"end":{"line":380,"column":100}},"176":{"start":{"line":381,"column":2},"end":{"line":381,"column":80}},"177":{"start":{"line":381,"column":13},"end":{"line":381,"column":14}},"178":{"start":{"line":381,"column":33},"end":{"line":381,"column":53}},"179":{"start":{"line":381,"column":54},"end":{"line":381,"column":78}},"180":{"start":{"line":382,"column":2},"end":{"line":382,"column":16}},"181":{"start":{"line":386,"column":24},"end":{"line":472,"column":1}},"182":{"start":{"line":387,"column":2},"end":{"line":471,"column":3}},"183":{"start":{"line":388,"column":45},"end":{"line":388,"column":54}},"184":{"start":{"line":389,"column":19},"end":{"line":389,"column":37}},"185":{"start":{"line":391,"column":24},"end":{"line":391,"column":47}},"186":{"start":{"line":392,"column":4},"end":{"line":394,"column":5}},"187":{"start":{"line":393,"column":6},"end":{"line":393,"column":34}},"188":{"start":{"line":396,"column":19},"end":{"line":405,"column":6}},"189":{"start":{"line":407,"column":16},"end":{"line":407,"column":26}},"190":{"start":{"line":408,"column":20},"end":{"line":408,"column":22}},"191":{"start":{"line":409,"column":18},"end":{"line":409,"column":75}},"192":{"start":{"line":410,"column":4},"end":{"line":448,"column":5}},"193":{"start":{"line":411,"column":6},"end":{"line":424,"column":7}},"194":{"start":{"line":412,"column":8},"end":{"line":423,"column":18}},"195":{"start":{"line":413,"column":25},"end":{"line":413,"column":54}},"196":{"start":{"line":414,"column":10},"end":{"line":419,"column":11}},"197":{"start":{"line":415,"column":29},"end":{"line":415,"column":67}},"198":{"start":{"line":416,"column":22},"end":{"line":416,"column":45}},"199":{"start":{"line":417,"column":22},"end":{"line":417,"column":45}},"200":{"start":{"line":418,"column":12},"end":{"line":418,"column":40}},"201":{"start":{"line":420,"column":10},"end":{"line":422,"column":11}},"202":{"start":{"line":421,"column":12},"end":{"line":421,"column":64}},"203":{"start":{"line":425,"column":6},"end":{"line":447,"column":7}},"204":{"start":{"line":426,"column":8},"end":{"line":446,"column":18}},"205":{"start":{"line":427,"column":26},"end":{"line":427,"column":51}},"206":{"start":{"line":428,"column":10},"end":{"line":445,"column":11}},"207":{"start":{"line":429,"column":31},"end":{"line":429,"column":33}},"208":{"start":{"line":430,"column":12},"end":{"line":443,"column":13}},"209":{"start":{"line":431,"column":14},"end":{"line":434,"column":17}},"210":{"start":{"line":432,"column":28},"end":{"line":432,"column":43}},"211":{"start":{"line":433,"column":16},"end":{"line":433,"column":61}},"212":{"start":{"line":435,"column":14},"end":{"line":442,"column":15}},"213":{"start":{"line":436,"column":16},"end":{"line":441,"column":22}},"214":{"start":{"line":437,"column":36},"end":{"line":437,"column":143}},"215":{"start":{"line":438,"column":18},"end":{"line":440,"column":19}},"216":{"start":{"line":439,"column":20},"end":{"line":439,"column":97}},"217":{"start":{"line":444,"column":12},"end":{"line":444,"column":64}},"218":{"start":{"line":449,"column":4},"end":{"line":449,"column":55}},"219":{"start":{"line":449,"column":28},"end":{"line":449,"column":55}},"220":{"start":{"line":451,"column":4},"end":{"line":462,"column":7}},"221":{"start":{"line":465,"column":4},"end":{"line":465,"column":38}},"222":{"start":{"line":466,"column":4},"end":{"line":470,"column":7}},"223":{"start":{"line":475,"column":23},"end":{"line":510,"column":1}},"224":{"start":{"line":476,"column":2},"end":{"line":509,"column":3}},"225":{"start":{"line":477,"column":24},"end":{"line":477,"column":34}},"226":{"start":{"line":479,"column":18},"end":{"line":488,"column":6}},"227":{"start":{"line":490,"column":4},"end":{"line":495,"column":5}},"228":{"start":{"line":491,"column":6},"end":{"line":494,"column":9}},"229":{"start":{"line":497,"column":4},"end":{"line":500,"column":7}},"230":{"start":{"line":503,"column":4},"end":{"line":503,"column":38}},"231":{"start":{"line":504,"column":4},"end":{"line":508,"column":7}},"232":{"start":{"line":513,"column":20},"end":{"line":611,"column":1}},"233":{"start":{"line":514,"column":22},"end":{"line":514,"column":57}},"234":{"start":{"line":516,"column":2},"end":{"line":610,"column":3}},"235":{"start":{"line":517,"column":24},"end":{"line":517,"column":34}},"236":{"start":{"line":520,"column":4},"end":{"line":524,"column":7}},"237":{"start":{"line":527,"column":18},"end":{"line":539,"column":6}},"238":{"start":{"line":541,"column":4},"end":{"line":546,"column":17}},"239":{"start":{"line":548,"column":4},"end":{"line":554,"column":5}},"240":{"start":{"line":549,"column":6},"end":{"line":549,"column":35}},"241":{"start":{"line":550,"column":6},"end":{"line":553,"column":9}},"242":{"start":{"line":556,"column":4},"end":{"line":562,"column":5}},"243":{"start":{"line":557,"column":6},"end":{"line":557,"column":35}},"244":{"start":{"line":558,"column":6},"end":{"line":561,"column":9}},"245":{"start":{"line":565,"column":23},"end":{"line":565,"column":25}},"246":{"start":{"line":566,"column":4},"end":{"line":588,"column":5}},"247":{"start":{"line":567,"column":6},"end":{"line":570,"column":9}},"248":{"start":{"line":568,"column":20},"end":{"line":568,"column":43}},"249":{"start":{"line":569,"column":8},"end":{"line":569,"column":53}},"250":{"start":{"line":572,"column":6},"end":{"line":587,"column":7}},"251":{"start":{"line":573,"column":26},"end":{"line":580,"column":10}},"252":{"start":{"line":582,"column":8},"end":{"line":586,"column":9}},"253":{"start":{"line":583,"column":10},"end":{"line":585,"column":30}},"254":{"start":{"line":591,"column":4},"end":{"line":593,"column":24}},"255":{"start":{"line":595,"column":4},"end":{"line":595,"column":31}},"256":{"start":{"line":597,"column":4},"end":{"line":600,"column":7}},"257":{"start":{"line":603,"column":4},"end":{"line":603,"column":33}},"258":{"start":{"line":604,"column":4},"end":{"line":604,"column":36}},"259":{"start":{"line":605,"column":4},"end":{"line":609,"column":7}},"260":{"start":{"line":614,"column":26},"end":{"line":674,"column":1}},"261":{"start":{"line":615,"column":22},"end":{"line":615,"column":57}},"262":{"start":{"line":617,"column":2},"end":{"line":673,"column":3}},"263":{"start":{"line":618,"column":24},"end":{"line":618,"column":34}},"264":{"start":{"line":619,"column":51},"end":{"line":619,"column":59}},"265":{"start":{"line":622,"column":18},"end":{"line":628,"column":6}},"266":{"start":{"line":630,"column":4},"end":{"line":636,"column":5}},"267":{"start":{"line":631,"column":6},"end":{"line":631,"column":35}},"268":{"start":{"line":632,"column":6},"end":{"line":635,"column":9}},"269":{"start":{"line":639,"column":4},"end":{"line":645,"column":5}},"270":{"start":{"line":640,"column":6},"end":{"line":640,"column":35}},"271":{"start":{"line":641,"column":6},"end":{"line":644,"column":9}},"272":{"start":{"line":648,"column":23},"end":{"line":648,"column":33}},"273":{"start":{"line":649,"column":4},"end":{"line":649,"column":64}},"274":{"start":{"line":649,"column":23},"end":{"line":649,"column":64}},"275":{"start":{"line":650,"column":4},"end":{"line":650,"column":68}},"276":{"start":{"line":650,"column":21},"end":{"line":650,"column":68}},"277":{"start":{"line":652,"column":4},"end":{"line":652,"column":52}},"278":{"start":{"line":654,"column":4},"end":{"line":654,"column":31}},"279":{"start":{"line":656,"column":4},"end":{"line":663,"column":7}},"280":{"start":{"line":666,"column":4},"end":{"line":666,"column":33}},"281":{"start":{"line":667,"column":4},"end":{"line":667,"column":38}},"282":{"start":{"line":668,"column":4},"end":{"line":672,"column":7}},"283":{"start":{"line":676,"column":0},"end":{"line":682,"column":2}}},"fnMap":{"0":{"name":"(anonymous_0)","decl":{"start":{"line":6,"column":20},"end":{"line":6,"column":21}},"loc":{"start":{"line":6,"column":40},"end":{"line":266,"column":1}},"line":6},"1":{"name":"(anonymous_1)","decl":{"start":{"line":52,"column":24},"end":{"line":52,"column":25}},"loc":{"start":{"line":52,"column":38},"end":{"line":54,"column":5}},"line":52},"2":{"name":"(anonymous_2)","decl":{"start":{"line":88,"column":49},"end":{"line":88,"column":50}},"loc":{"start":{"line":88,"column":55},"end":{"line":88,"column":113}},"line":88},"3":{"name":"(anonymous_3)","decl":{"start":{"line":156,"column":24},"end":{"line":156,"column":25}},"loc":{"start":{"line":156,"column":36},"end":{"line":160,"column":5}},"line":156},"4":{"name":"(anonymous_4)","decl":{"start":{"line":165,"column":32},"end":{"line":165,"column":33}},"loc":{"start":{"line":165,"column":37},"end":{"line":169,"column":7}},"line":165},"5":{"name":"(anonymous_5)","decl":{"start":{"line":180,"column":22},"end":{"line":180,"column":23}},"loc":{"start":{"line":180,"column":34},"end":{"line":182,"column":7}},"line":180},"6":{"name":"(anonymous_6)","decl":{"start":{"line":269,"column":30},"end":{"line":269,"column":31}},"loc":{"start":{"line":269,"column":107},"end":{"line":383,"column":1}},"line":269},"7":{"name":"(anonymous_7)","decl":{"start":{"line":284,"column":45},"end":{"line":284,"column":46}},"loc":{"start":{"line":284,"column":50},"end":{"line":284,"column":62}},"line":284},"8":{"name":"(anonymous_8)","decl":{"start":{"line":288,"column":38},"end":{"line":288,"column":39}},"loc":{"start":{"line":288,"column":45},"end":{"line":288,"column":48}},"line":288},"9":{"name":"(anonymous_9)","decl":{"start":{"line":289,"column":39},"end":{"line":289,"column":40}},"loc":{"start":{"line":289,"column":46},"end":{"line":289,"column":49}},"line":289},"10":{"name":"(anonymous_10)","decl":{"start":{"line":299,"column":24},"end":{"line":299,"column":25}},"loc":{"start":{"line":299,"column":34},"end":{"line":313,"column":3}},"line":299},"11":{"name":"(anonymous_11)","decl":{"start":{"line":301,"column":17},"end":{"line":301,"column":18}},"loc":{"start":{"line":301,"column":22},"end":{"line":306,"column":5}},"line":301},"12":{"name":"(anonymous_12)","decl":{"start":{"line":307,"column":41},"end":{"line":307,"column":42}},"loc":{"start":{"line":307,"column":59},"end":{"line":312,"column":5}},"line":307},"13":{"name":"(anonymous_13)","decl":{"start":{"line":308,"column":43},"end":{"line":308,"column":44}},"loc":{"start":{"line":308,"column":46},"end":{"line":308,"column":60}},"line":308},"14":{"name":"(anonymous_14)","decl":{"start":{"line":310,"column":17},"end":{"line":310,"column":18}},"loc":{"start":{"line":310,"column":24},"end":{"line":310,"column":75}},"line":310},"15":{"name":"(anonymous_15)","decl":{"start":{"line":318,"column":30},"end":{"line":318,"column":31}},"loc":{"start":{"line":318,"column":59},"end":{"line":343,"column":3}},"line":318},"16":{"name":"(anonymous_16)","decl":{"start":{"line":322,"column":18},"end":{"line":322,"column":19}},"loc":{"start":{"line":322,"column":26},"end":{"line":326,"column":5}},"line":322},"17":{"name":"(anonymous_17)","decl":{"start":{"line":324,"column":36},"end":{"line":324,"column":37}},"loc":{"start":{"line":324,"column":41},"end":{"line":324,"column":73}},"line":324},"18":{"name":"(anonymous_18)","decl":{"start":{"line":328,"column":26},"end":{"line":328,"column":27}},"loc":{"start":{"line":328,"column":40},"end":{"line":335,"column":5}},"line":328},"19":{"name":"(anonymous_19)","decl":{"start":{"line":352,"column":31},"end":{"line":352,"column":32}},"loc":{"start":{"line":352,"column":36},"end":{"line":352,"column":57}},"line":352},"20":{"name":"(anonymous_20)","decl":{"start":{"line":352,"column":63},"end":{"line":352,"column":64}},"loc":{"start":{"line":352,"column":66},"end":{"line":352,"column":72}},"line":352},"21":{"name":"(anonymous_21)","decl":{"start":{"line":365,"column":35},"end":{"line":365,"column":36}},"loc":{"start":{"line":365,"column":38},"end":{"line":365,"column":49}},"line":365},"22":{"name":"(anonymous_22)","decl":{"start":{"line":368,"column":35},"end":{"line":368,"column":36}},"loc":{"start":{"line":368,"column":38},"end":{"line":368,"column":59}},"line":368},"23":{"name":"(anonymous_23)","decl":{"start":{"line":368,"column":65},"end":{"line":368,"column":66}},"loc":{"start":{"line":368,"column":68},"end":{"line":368,"column":74}},"line":368},"24":{"name":"(anonymous_24)","decl":{"start":{"line":379,"column":35},"end":{"line":379,"column":36}},"loc":{"start":{"line":379,"column":38},"end":{"line":379,"column":59}},"line":379},"25":{"name":"(anonymous_25)","decl":{"start":{"line":379,"column":65},"end":{"line":379,"column":66}},"loc":{"start":{"line":379,"column":68},"end":{"line":379,"column":74}},"line":379},"26":{"name":"(anonymous_26)","decl":{"start":{"line":386,"column":24},"end":{"line":386,"column":25}},"loc":{"start":{"line":386,"column":44},"end":{"line":472,"column":1}},"line":386},"27":{"name":"(anonymous_27)","decl":{"start":{"line":431,"column":39},"end":{"line":431,"column":40}},"loc":{"start":{"line":431,"column":44},"end":{"line":434,"column":15}},"line":431},"28":{"name":"(anonymous_28)","decl":{"start":{"line":436,"column":30},"end":{"line":436,"column":31}},"loc":{"start":{"line":436,"column":42},"end":{"line":441,"column":17}},"line":436},"29":{"name":"(anonymous_29)","decl":{"start":{"line":475,"column":23},"end":{"line":475,"column":24}},"loc":{"start":{"line":475,"column":43},"end":{"line":510,"column":1}},"line":475},"30":{"name":"(anonymous_30)","decl":{"start":{"line":513,"column":20},"end":{"line":513,"column":21}},"loc":{"start":{"line":513,"column":40},"end":{"line":611,"column":1}},"line":513},"31":{"name":"(anonymous_31)","decl":{"start":{"line":567,"column":31},"end":{"line":567,"column":32}},"loc":{"start":{"line":567,"column":44},"end":{"line":570,"column":7}},"line":567},"32":{"name":"(anonymous_32)","decl":{"start":{"line":614,"column":26},"end":{"line":614,"column":27}},"loc":{"start":{"line":614,"column":46},"end":{"line":674,"column":1}},"line":614}},"branchMap":{"0":{"loc":{"start":{"line":15,"column":6},"end":{"line":15,"column":24}},"type":"default-arg","locations":[{"start":{"line":15,"column":22},"end":{"line":15,"column":24}}],"line":15},"1":{"loc":{"start":{"line":19,"column":4},"end":{"line":24,"column":5}},"type":"if","locations":[{"start":{"line":19,"column":4},"end":{"line":24,"column":5}},{"start":{},"end":{}}],"line":19},"2":{"loc":{"start":{"line":19,"column":8},"end":{"line":19,"column":64}},"type":"binary-expr","locations":[{"start":{"line":19,"column":8},"end":{"line":19,"column":18}},{"start":{"line":19,"column":22},"end":{"line":19,"column":33}},{"start":{"line":19,"column":37},"end":{"line":19,"column":49}},{"start":{"line":19,"column":53},"end":{"line":19,"column":64}}],"line":19},"3":{"loc":{"start":{"line":28,"column":4},"end":{"line":33,"column":5}},"type":"if","locations":[{"start":{"line":28,"column":4},"end":{"line":33,"column":5}},{"start":{},"end":{}}],"line":28},"4":{"loc":{"start":{"line":40,"column":4},"end":{"line":45,"column":5}},"type":"if","locations":[{"start":{"line":40,"column":4},"end":{"line":45,"column":5}},{"start":{},"end":{}}],"line":40},"5":{"loc":{"start":{"line":53,"column":44},"end":{"line":53,"column":83}},"type":"binary-expr","locations":[{"start":{"line":53,"column":44},"end":{"line":53,"column":78}},{"start":{"line":53,"column":82},"end":{"line":53,"column":83}}],"line":53},"6":{"loc":{"start":{"line":59,"column":8},"end":{"line":66,"column":9}},"type":"if","locations":[{"start":{"line":59,"column":8},"end":{"line":66,"column":9}},{"start":{},"end":{}}],"line":59},"7":{"loc":{"start":{"line":78,"column":6},"end":{"line":96,"column":7}},"type":"if","locations":[{"start":{"line":78,"column":6},"end":{"line":96,"column":7}},{"start":{},"end":{}}],"line":78},"8":{"loc":{"start":{"line":80,"column":10},"end":{"line":89,"column":11}},"type":"if","locations":[{"start":{"line":80,"column":10},"end":{"line":89,"column":11}},{"start":{},"end":{}}],"line":80},"9":{"loc":{"start":{"line":98,"column":6},"end":{"line":104,"column":7}},"type":"if","locations":[{"start":{"line":98,"column":6},"end":{"line":104,"column":7}},{"start":{},"end":{}}],"line":98},"10":{"loc":{"start":{"line":110,"column":6},"end":{"line":116,"column":7}},"type":"if","locations":[{"start":{"line":110,"column":6},"end":{"line":116,"column":7}},{"start":{},"end":{}}],"line":110},"11":{"loc":{"start":{"line":138,"column":19},"end":{"line":138,"column":58}},"type":"binary-expr","locations":[{"start":{"line":138,"column":19},"end":{"line":138,"column":40}},{"start":{"line":138,"column":44},"end":{"line":138,"column":58}}],"line":138},"12":{"loc":{"start":{"line":139,"column":17},"end":{"line":139,"column":52}},"type":"binary-expr","locations":[{"start":{"line":139,"column":17},"end":{"line":139,"column":36}},{"start":{"line":139,"column":40},"end":{"line":139,"column":52}}],"line":139},"13":{"loc":{"start":{"line":157,"column":18},"end":{"line":157,"column":50}},"type":"binary-expr","locations":[{"start":{"line":157,"column":18},"end":{"line":157,"column":44}},{"start":{"line":157,"column":48},"end":{"line":157,"column":50}}],"line":157},"14":{"loc":{"start":{"line":168,"column":15},"end":{"line":168,"column":38}},"type":"cond-expr","locations":[{"start":{"line":168,"column":29},"end":{"line":168,"column":32}},{"start":{"line":168,"column":35},"end":{"line":168,"column":38}}],"line":168},"15":{"loc":{"start":{"line":189,"column":6},"end":{"line":192,"column":7}},"type":"if","locations":[{"start":{"line":189,"column":6},"end":{"line":192,"column":7}},{"start":{},"end":{}}],"line":189},"16":{"loc":{"start":{"line":196,"column":6},"end":{"line":199,"column":7}},"type":"if","locations":[{"start":{"line":196,"column":6},"end":{"line":199,"column":7}},{"start":{},"end":{}}],"line":196},"17":{"loc":{"start":{"line":196,"column":10},"end":{"line":196,"column":64}},"type":"binary-expr","locations":[{"start":{"line":196,"column":10},"end":{"line":196,"column":25}},{"start":{"line":196,"column":29},"end":{"line":196,"column":64}}],"line":196},"18":{"loc":{"start":{"line":237,"column":4},"end":{"line":239,"column":5}},"type":"if","locations":[{"start":{"line":237,"column":4},"end":{"line":239,"column":5}},{"start":{},"end":{}}],"line":237},"19":{"loc":{"start":{"line":237,"column":8},"end":{"line":237,"column":44}},"type":"binary-expr","locations":[{"start":{"line":237,"column":8},"end":{"line":237,"column":19}},{"start":{"line":237,"column":23},"end":{"line":237,"column":44}}],"line":237},"20":{"loc":{"start":{"line":244,"column":4},"end":{"line":250,"column":5}},"type":"if","locations":[{"start":{"line":244,"column":4},"end":{"line":250,"column":5}},{"start":{},"end":{}}],"line":244},"21":{"loc":{"start":{"line":248,"column":15},"end":{"line":248,"column":81}},"type":"cond-expr","locations":[{"start":{"line":248,"column":56},"end":{"line":248,"column":69}},{"start":{"line":248,"column":72},"end":{"line":248,"column":81}}],"line":248},"22":{"loc":{"start":{"line":252,"column":4},"end":{"line":258,"column":5}},"type":"if","locations":[{"start":{"line":252,"column":4},"end":{"line":258,"column":5}},{"start":{},"end":{}}],"line":252},"23":{"loc":{"start":{"line":256,"column":15},"end":{"line":256,"column":81}},"type":"cond-expr","locations":[{"start":{"line":256,"column":56},"end":{"line":256,"column":69}},{"start":{"line":256,"column":72},"end":{"line":256,"column":81}}],"line":256},"24":{"loc":{"start":{"line":263,"column":13},"end":{"line":263,"column":79}},"type":"cond-expr","locations":[{"start":{"line":263,"column":54},"end":{"line":263,"column":67}},{"start":{"line":263,"column":70},"end":{"line":263,"column":79}}],"line":263},"25":{"loc":{"start":{"line":269,"column":73},"end":{"line":269,"column":89}},"type":"default-arg","locations":[{"start":{"line":269,"column":87},"end":{"line":269,"column":89}}],"line":269},"26":{"loc":{"start":{"line":303,"column":18},"end":{"line":303,"column":36}},"type":"binary-expr","locations":[{"start":{"line":303,"column":18},"end":{"line":303,"column":30}},{"start":{"line":303,"column":34},"end":{"line":303,"column":36}}],"line":303},"27":{"loc":{"start":{"line":323,"column":6},"end":{"line":323,"column":24}},"type":"if","locations":[{"start":{"line":323,"column":6},"end":{"line":323,"column":24}},{"start":{},"end":{}}],"line":323},"28":{"loc":{"start":{"line":324,"column":41},"end":{"line":324,"column":73}},"type":"binary-expr","locations":[{"start":{"line":324,"column":41},"end":{"line":324,"column":57}},{"start":{"line":324,"column":61},"end":{"line":324,"column":73}}],"line":324},"29":{"loc":{"start":{"line":325,"column":6},"end":{"line":325,"column":57}},"type":"if","locations":[{"start":{"line":325,"column":6},"end":{"line":325,"column":57}},{"start":{},"end":{}}],"line":325},"30":{"loc":{"start":{"line":331,"column":8},"end":{"line":333,"column":9}},"type":"if","locations":[{"start":{"line":331,"column":8},"end":{"line":333,"column":9}},{"start":{},"end":{}}],"line":331},"31":{"loc":{"start":{"line":331,"column":12},"end":{"line":331,"column":75}},"type":"binary-expr","locations":[{"start":{"line":331,"column":12},"end":{"line":331,"column":32}},{"start":{"line":331,"column":36},"end":{"line":331,"column":51}},{"start":{"line":331,"column":55},"end":{"line":331,"co
[...]
,"E:\\a_github\\12306\\backend\\src\\utils\\validation.js": {"path":"E:\\a_github\\12306\\backend\\src\\utils\\validation.js","statementMap":{"0":{"start":{"line":2,"column":25},"end":{"line":16,"column":1}},"1":{"start":{"line":3,"column":2},"end":{"line":5,"column":3}},"2":{"start":{"line":4,"column":4},"end":{"line":4,"column":50}},"3":{"start":{"line":7,"column":2},"end":{"line":9,"column":3}},"4":{"start":{"line":8,"column":4},"end":{"line":8,"column":58}},"5":{"start":{"line":11,"column":2},"end":{"line":13,"column":3}},"6":{"start":{"line":12,"column":4},"end":{"line":12,"column":67}},"7":{"start":{"line":15,"column":2},"end":{"line":15,"column":27}},"8":{"start":{"line":19,"column":25},"end":{"line":29,"column":1}},"9":{"start":{"line":20,"column":2},"end":{"line":22,"column":3}},"10":{"start":{"line":21,"column":4},"end":{"line":21,"column":49}},"11":{"start":{"line":24,"column":2},"end":{"line":26,"column":3}},"12":{"start":{"line":25,"column":4},"end":{"line":25,"column":51}},"13":{"start":{"line":28,"column":2},"end":{"line":28,"column":27}},"14":{"start":{"line":32,"column":25},"end":{"line":47,"column":1}},"15":{"start":{"line":33,"column":2},"end":{"line":35,"column":3}},"16":{"start":{"line":34,"column":4},"end":{"line":34,"column":51}},"17":{"start":{"line":37,"column":2},"end":{"line":39,"column":3}},"18":{"start":{"line":38,"column":4},"end":{"line":38,"column":59}},"19":{"start":{"line":42,"column":2},"end":{"line":44,"column":3}},"20":{"start":{"line":43,"column":4},"end":{"line":43,"column":53}},"21":{"start":{"line":46,"column":2},"end":{"line":46,"column":27}},"22":{"start":{"line":50,"column":25},"end":{"line":77,"column":1}},"23":{"start":{"line":51,"column":2},"end":{"line":53,"column":3}},"24":{"start":{"line":52,"column":4},"end":{"line":52,"column":51}},"25":{"start":{"line":56,"column":2},"end":{"line":74,"column":3}},"26":{"start":{"line":57,"column":4},"end":{"line":59,"column":5}},"27":{"start":{"line":58,"column":6},"end":{"line":58,"column":56}},"28":{"start":{"line":62,"column":20},"end":{"line":62,"column":73}},"29":{"start":{"line":63,"column":23},"end":{"line":63,"column":78}},"30":{"start":{"line":65,"column":14},"end":{"line":65,"column":15}},"31":{"start":{"line":66,"column":4},"end":{"line":68,"column":5}},"32":{"start":{"line":66,"column":17},"end":{"line":66,"column":18}},"33":{"start":{"line":67,"column":6},"end":{"line":67,"column":48}},"34":{"start":{"line":70,"column":22},"end":{"line":70,"column":42}},"35":{"start":{"line":71,"column":4},"end":{"line":73,"column":5}},"36":{"start":{"line":72,"column":6},"end":{"line":72,"column":54}},"37":{"start":{"line":76,"column":2},"end":{"line":76,"column":27}},"38":{"start":{"line":80,"column":28},"end":{"line":91,"column":1}},"39":{"start":{"line":81,"column":2},"end":{"line":83,"column":3}},"40":{"start":{"line":82,"column":4},"end":{"line":82,"column":50}},"41":{"start":{"line":84,"column":21},"end":{"line":84,"column":39}},"42":{"start":{"line":85,"column":15},"end":{"line":85,"column":35}},"43":{"start":{"line":86,"column":13},"end":{"line":86,"column":28}},"44":{"start":{"line":87,"column":2},"end":{"line":89,"column":3}},"45":{"start":{"line":88,"column":4},"end":{"line":88,"column":53}},"46":{"start":{"line":90,"column":2},"end":{"line":90,"column":27}},"47":{"start":{"line":94,"column":22},"end":{"line":109,"column":1}},"48":{"start":{"line":95,"column":2},"end":{"line":97,"column":3}},"49":{"start":{"line":96,"column":4},"end":{"line":96,"column":29}},"50":{"start":{"line":99,"column":2},"end":{"line":101,"column":3}},"51":{"start":{"line":100,"column":4},"end":{"line":100,"column":50}},"52":{"start":{"line":103,"column":21},"end":{"line":103,"column":49}},"53":{"start":{"line":104,"column":2},"end":{"line":106,"column":3}},"54":{"start":{"line":105,"column":4},"end":{"line":105,"column":53}},"55":{"start":{"line":108,"column":2},"end":{"line":108,"column":27}},"56":{"start":{"line":112,"column":29},"end":{"line":156,"column":1}},"57":{"start":{"line":113,"column":2},"end":{"line":115,"column":3}},"58":{"start":{"line":114,"column":4},"end":{"line":114,"column":41}},"59":{"start":{"line":116,"column":17},"end":{"line":116,"column":19}},"60":{"start":{"line":118,"column":29},"end":{"line":118,"column":60}},"61":{"start":{"line":119,"column":2},"end":{"line":121,"column":3}},"62":{"start":{"line":120,"column":4},"end":{"line":120,"column":49}},"63":{"start":{"line":123,"column":29},"end":{"line":123,"column":60}},"64":{"start":{"line":124,"column":2},"end":{"line":126,"column":3}},"65":{"start":{"line":125,"column":4},"end":{"line":125,"column":49}},"66":{"start":{"line":128,"column":2},"end":{"line":130,"column":3}},"67":{"start":{"line":129,"column":4},"end":{"line":129,"column":42}},"68":{"start":{"line":132,"column":29},"end":{"line":132,"column":60}},"69":{"start":{"line":133,"column":2},"end":{"line":135,"column":3}},"70":{"start":{"line":134,"column":4},"end":{"line":134,"column":49}},"71":{"start":{"line":137,"column":29},"end":{"line":137,"column":73}},"72":{"start":{"line":138,"column":2},"end":{"line":140,"column":3}},"73":{"start":{"line":139,"column":4},"end":{"line":139,"column":49}},"74":{"start":{"line":142,"column":26},"end":{"line":142,"column":63}},"75":{"start":{"line":143,"column":2},"end":{"line":145,"column":3}},"76":{"start":{"line":144,"column":4},"end":{"line":144,"column":49}},"77":{"start":{"line":147,"column":26},"end":{"line":147,"column":51}},"78":{"start":{"line":148,"column":2},"end":{"line":150,"column":3}},"79":{"start":{"line":149,"column":4},"end":{"line":149,"column":43}},"80":{"start":{"line":152,"column":2},"end":{"line":155,"column":4}},"81":{"start":{"line":159,"column":30},"end":{"line":190,"column":1}},"82":{"start":{"line":161,"column":2},"end":{"line":163,"column":3}},"83":{"start":{"line":162,"column":4},"end":{"line":162,"column":41}},"84":{"start":{"line":165,"column":17},"end":{"line":165,"column":19}},"85":{"start":{"line":167,"column":25},"end":{"line":167,"column":52}},"86":{"start":{"line":168,"column":2},"end":{"line":170,"column":3}},"87":{"start":{"line":169,"column":4},"end":{"line":169,"column":40}},"88":{"start":{"line":172,"column":27},"end":{"line":172,"column":56}},"89":{"start":{"line":173,"column":2},"end":{"line":175,"column":3}},"90":{"start":{"line":174,"column":4},"end":{"line":174,"column":42}},"91":{"start":{"line":177,"column":26},"end":{"line":177,"column":57}},"92":{"start":{"line":178,"column":2},"end":{"line":180,"column":3}},"93":{"start":{"line":179,"column":4},"end":{"line":179,"column":41}},"94":{"start":{"line":182,"column":2},"end":{"line":184,"column":3}},"95":{"start":{"line":183,"column":4},"end":{"line":183,"column":31}},"96":{"start":{"line":186,"column":2},"end":{"line":189,"column":4}},"97":{"start":{"line":192,"column":0},"end":{"line":201,"column":2}}},"fnMap":{"0":{"name":"(anonymous_0)","decl":{"start":{"line":2,"column":25},"end":{"line":2,"column":26}},"loc":{"start":{"line":2,"column":39},"end":{"line":16,"column":1}},"line":2},"1":{"name":"(anonymous_1)","decl":{"start":{"line":19,"column":25},"end":{"line":19,"column":26}},"loc":{"start":{"line":19,"column":39},"end":{"line":29,"column":1}},"line":19},"2":{"name":"(anonymous_2)","decl":{"start":{"line":32,"column":25},"end":{"line":32,"column":26}},"loc":{"start":{"line":32,"column":39},"end":{"line":47,"column":1}},"line":32},"3":{"name":"(anonymous_3)","decl":{"start":{"line":50,"column":25},"end":{"line":50,"column":26}},"loc":{"start":{"line":50,"column":53},"end":{"line":77,"column":1}},"line":50},"4":{"name":"(anonymous_4)","decl":{"start":{"line":80,"column":28},"end":{"line":80,"column":29}},"loc":{"start":{"line":80,"column":45},"end":{"line":91,"column":1}},"line":80},"5":{"name":"(anonymous_5)","decl":{"start":{"line":94,"column":22},"end":{"line":94,"column":23}},"loc":{"start":{"line":94,"column":33},"end":{"line":109,"column":1}},"line":94},"6":{"name":"(anonymous_6)","decl":{"start":{"line":112,"column":29},"end":{"line":112,"column":30}},"loc":{"start":{"line":112,"column":39},"end":{"line":156,"column":1}},"line":112},"7":{"name":"(anonymous_7)","decl":{"start":{"line":159,"column":30},"end":{"line":159,"column":31}},"loc":{"start":{"line":159,"column":40},"end":{"line":190,"column":1}},"line":159}},"branchMap":{"0":{"loc":{"start":{"line":3,"column":2},"end":{"line":5,"column":3}},"type":"if","locations":[{"start":{"line":3,"column":2},"end":{"line":5,"column":3}},{"start":{},"end":{}}],"line":3},"1":{"loc":{"start":{"line":3,"column":6},"end":{"line":3,"column":47}},"type":"binary-expr","locations":[{"start":{"line":3,"column":6},"end":{"line":3,"column":15}},{"start":{"line":3,"column":19},"end":{"line":3,"column":47}}],"line":3},"2":{"loc":{"start":{"line":7,"column":2},"end":{"line":9,"column":3}},"type":"if","locations":[{"start":{"line":7,"column":2},"end":{"line":9,"column":3}},{"start":{},"end":{}}],"line":7},"3":{"loc":{"start":{"line":7,"column":6},"end":{"line":7,"column":49}},"type":"binary-expr","locations":[{"start":{"line":7,"column":6},"end":{"line":7,"column":25}},{"start":{"line":7,"column":29},"end":{"line":7,"column":49}}],"line":7},"4":{"loc":{"start":{"line":11,"column":2},"end":{"line":13,"column":3}},"type":"if","locations":[{"start":{"line":11,"column":2},"end":{"line":13,"column":3}},{"start":{},"end":{}}],"line":11},"5":{"loc":{"start":{"line":20,"column":2},"end":{"line":22,"column":3}},"type":"if","locations":[{"start":{"line":20,"column":2},"end":{"line":22,"column":3}},{"start":{},"end":{}}],"line":20},"6":{"loc":{"start":{"line":20,"column":6},"end":{"line":20,"column":47}},"type":"binary-expr","locations":[{"start":{"line":20,"column":6},"end":{"line":20,"column":15}},{"start":{"line":20,"column":19},"end":{"line":20,"column":47}}],"line":20},"7":{"loc":{"start":{"line":24,"column":2},"end":{"line":26,"column":3}},"type":"if","locations":[{"start":{"line":24,"column":2},"end":{"line":26,"column":3}},{"start":{},"end":{}}],"line":24},"8":{"loc":{"start":{"line":33,"column":2},"end":{"line":35,"column":3}},"type":"if","locations":[{"start":{"line":33,"column":2},"end":{"line":35,"column":3}},{"start":{},"end":{}}],"line":33},"9":{"loc":{"start":{"line":33,"column":6},"end":{"line":33,"column":47}},"type":"binary-expr","locations":[{"start":{"line":33,"column":6},"end":{"line":33,"column":15}},{"start":{"line":33,"column":19},"end":{"line":33,"column":47}}],"line":33},"10":{"loc":{"start":{"line":37,"column":2},"end":{"line":39,"column":3}},"type":"if","locations":[{"start":{"line":37,"column":2},"end":{"line":39,"column":3}},{"start":{},"end":{}}],"line":37},"11":{"loc":{"start":{"line":37,"column":6},"end":{"line":37,"column":49}},"type":"binary-expr","locations":[{"start":{"line":37,"column":6},"end":{"line":37,"column":25}},{"start":{"line":37,"column":29},"end":{"line":37,"column":49}}],"line":37},"12":{"loc":{"start":{"line":42,"column":2},"end":{"line":44,"column":3}},"type":"if","locations":[{"start":{"line":42,"column":2},"end":{"line":44,"column":3}},{"start":{},"end":{}}],"line":42},"13":{"loc":{"start":{"line":50,"column":36},"end":{"line":50,"column":48}},"type":"default-arg","locations":[{"start":{"line":50,"column":45},"end":{"line":50,"column":48}}],"line":50},"14":{"loc":{"start":{"line":51,"column":2},"end":{"line":53,"column":3}},"type":"if","locations":[{"start":{"line":51,"column":2},"end":{"line":53,"column":3}},{"start":{},"end":{}}],"line":51},"15":{"loc":{"start":{"line":51,"column":6},"end":{"line":51,"column":47}},"type":"binary-expr","locations":[{"start":{"line":51,"column":6},"end":{"line":51,"column":15}},{"start":{"line":51,"column":19},"end":{"line":51,"column":47}}],"line":51},"16":{"loc":{"start":{"line":56,"column":2},"end":{"line":74,"column":3}},"type":"if","locations":[{"start":{"line":56,"column":2},"end":{"line":74,"column":3}},{"start":{},"end":{}}],"line":56},"17":{"loc":{"start":{"line":57,"column":4},"end":{"line":59,"column":5}},"type":"if","locations":[{"start":{"line":57,"column":4},"end":{"line":59,"column":5}},{"start":{},"end":{}}],"line":57},"18":{"loc":{"start":{"line":71,"column":4},"end":{"line":73,"column":5}},"type":"if","locations":[{"start":{"line":71,"column":4},"end":{"line":73,"column":5}},{"start":{},"end":{}}],"line":71},"19":{"loc":{"start":{"line":81,"column":2},"end":{"line":83,"column":3}},"type":"if","locations":[{"start":{"line":81,"column":2},"end":{"line":83,"column":3}},{"start":{},"end":{}}],"line":81},"20":{"loc":{"start":{"line":81,"column":6},"end":{"line":81,"column":53}},"type":"binary-expr","locations":[{"start":{"line":81,"column":6},"end":{"line":81,"column":18}},{"start":{"line":81,"column":22},"end":{"line":81,"column":53}}],"line":81},"21":{"loc":{"start":{"line":87,"column":2},"end":{"line":89,"column":3}},"type":"if","locations":[{"start":{"line":87,"column":2},"end":{"line":89,"column":3}},{"start":{},"end":{}}],"line":87},"22":{"loc":{"start":{"line":87,"column":6},"end":{"line":87,"column":52}},"type":"binary-expr","locations":[{"start":{"line":87,"column":6},"end":{"line":87,"column":28}},{"start":{"line":87,"column":32},"end":{"line":87,"column":52}}],"line":87},"23":{"loc":{"start":{"line":95,"column":2},"end":{"line":97,"column":3}},"type":"if","locations":[{"start":{"line":95,"column":2},"end":{"line":97,"column":3}},{"start":{},"end":{}}],"line":95},"24":{"loc":{"start":{"line":99,"column":2},"end":{"line":101,"column":3}},"type":"if","locations":[{"start":{"line":99,"column":2},"end":{"line":101,"column":3}},{"start":{},"end":{}}],"line":99},"25":{"loc":{"start":{"line":104,"column":2},"end":{"line":106,"column":3}},"type":"if","locations":[{"start":{"line":104,"column":2},"end":{"line":106,"column":3}},{"start":{},"end":{}}],"line":104},"26":{"loc":{"start":{"line":113,"column":2},"end":{"line":115,"column":3}},"type":"if","locations":[{"start":{"line":113,"column":2},"end":{"line":115,"column":3}},{"start":{},"end":{}}],"line":113},"27":{"loc":{"start":{"line":113,"column":6},"end":{"line":113,"column":79}},"type":"binary-expr","locations":[{"start":{"line":113,"column":6},"end":{"line":113,"column":44}},{"start":{"line":113,"column":48},"end":{"line":113,"column":79}}],"line":113},"28":{"loc":{"start":{"line":119,"column":2},"end":{"line":121,"column":3}},"type":"if","locations":[{"start":{"line":119,"column":2},"end":{"line":121,"column":3}},{"start":{},"end":{}}],"line":119},"29":{"loc":{"start":{"line":124,"column":2},"end":{"line":126,"column":3}},"type":"if","locations":[{"start":{"line":124,"column":2},"end":{"line":126,"column":3}},{"start":{},"end":{}}],"line":124},"30":{"loc":{"start":{"line":128,"column":2},"end":{"line":130,"column":3}},"type":"if","locations":[{"start":{"line":128,"column":2},"end":{"line":130,"column":3}},{"start":{},"end":{}}],"line":128},"31":{"loc":{"start":{"line":133,"column":2},"end":{"line":135,"column":3}},"type":"if","locations":[{"start":{"line":133,"column":2},"end":{"line":135,"column":3}},{"start":{},"end":{}}],"line":133},"32":{"loc":{"start":{"line":138,"column":2},"end":{"line":140,"column":3}},"type":"if","locations":[{"start":{"line":138,"column":2},"end":{"line":140,"column":3}},{"start":{},"end":{}}],"line":138},"33":{"loc":{"start":{"line":143,"column":2},"end":{"line":145,"column":3}},"type":"if","locations":[{"start":{"line":143,"column":2},"end":{"line":145,"column":3}},{"start":{},"end":{}}],"line":143},"34":{"loc":{"start":{"line":148,"column":2},"end":{"line":150,"column":3}},"type":"if","locations":[{"start":{"line":148,"column":2},"end":{"line":150,"column":3}},{"start":{},"end":{}}],"line":148},"35":{"loc":{"start":{"line":161,"column":2},"end":{"line":163,"column":3}},"type":"if","locations":[{"start":{"line":161,"column":2},"end":{"line":163,"column":3}},{"start":{},"end":{}}],"line":161},"36":{"loc":{"start":{"line":161,"column":6},"end":{"line":161,"column":79}},"type":"binary-expr","locations":[{"start":{"line":161,"column":6},"end":{"line":161,"column":44}},{"start":{"line":161,"column":48},"end":{"line":161,"column":79}}],"line":161},"37":{"loc":{"start":{"line":168,"column":2},"end":{"line":170,"column":3}},"type":"if","locations":[{"start":{"line":168,"column":2},"end":{"line":170,"column":3}},{"start":{},"end":{}}],"line":168},"38":{"loc":{"start":{"line":173,"column":2},"end":{"line":175,"column":3}},"type":"if","locations":[{"start":{"line":173,"column":2},"end":{"line":175,"column":3}},{"start":{},"end":{}}],"line":173},"39":{"loc":{"start":{"line":178,"column":2},"end":{"line":180,"column":3}},"type":"if","locations":[{"start":{"line":178,"column":2},"end":{"line":180,"column":3}},{"start":{},"end":{}}],"line":178},"40":{"loc":{"start":{"line":182,"column":2},"end":{"line":184,"column":3}},"type":"if","locations":[{"start":{"line":182,"column":2},"end":{"line":184,"column":3}},{"start":{},"end":{}}],"line":182},"41":{"loc":{"start":{"line":182,"column":6},"end":{"line":182,"column":77}},"type":"binary-expr","locations":[{"start":{"line":182,"column":6},"end":{"line":182,"column":25}},{"start":{"line":182,"column":29},"end":{"line":182,"column":77}}],"line":182}},"s":{"0":8,"1":5,"2":0,"3":5,"4":1,"5":4,"6":1,"7":3,"8":8,"9":4,"10":0,"11":4,"12":1,"13":3,"14":8,"15":6,"16":0,"17":6,"18":0,"19":6,"20":1,"21":5,"22":8,"23":6,"24":0,"25":6,"26":6,"27":1,"28":5,"29":5,"30":5,"31":5,"32":5,"33":85,"34":5,"35":5,"36":1,"37":4,"38":8,"39":7,"40":0,"41":7,"42":7,"43":7,"44":7,"45":1,"46":6,"47":8,"48":6,"49":0,"50":6,"51":0,"52":6,"53":6,"54":1,"55":5,"56":8,"57":7,"58":5,"59":2,"60":2,"61":2,"62":0,"63":2,"64":2,"65":0,"66":2,"67":1,"68":2,"69":2,"70":0,"71":2,"72":2,"73":0,"74":2,"75":2,"76":0,"77":2,"78":2,"79":0,"80":2,"81":8,"82":4,"83":2,"84":2,"85":2,"86":2,"87":0,"88":2,"89":2,"90":1,"91":2,"92":2,"93":0,"94":2,"95":0,"96":2,"97":8},"f":{"0":5,"1":4,"2":6,"3":6,"4":7,"5":6,"6":7,"7":4},"b":{"0":[0,5],"1":[5,5],"2":[1,4],"3":[5,4],"4":[1,3],"5":[0,4],"6":[4,4],"7":[1,3],"8":[0,6],"9":[6,6],"10":[0,6],"11":[6,6],"12":[1,5],"13":[2],"14":[0,6],"15":[6,6],"16":[6,0],"17":[1,5],"18":[1,4],"19":[0,7],"20":[7,7],"21":[1,6],"22":[7,1],"23":[0,6],"24":[0,6],"25":[1,5],"26":[5,2],"27":[7,7],"28":[0,2],"29":[0,2],"30":[1,1],"31":[0,2],"32":[0,2],"33":[0,2],"34":[0,2],"35":[2,2],"36":[4,4],"37":[0,2],"38":[1,1],"39":[0,2],"40":[0,2],"41":[2,2]},"_coverageSchema":"1a1c01bbd47fc00a2c39e90264f33305004495a9","hash":"2fb4c3b08554c13636a9b57a99a153e5cf5f6ac5"}
}
