TN:
SF:src\app.js
FN:52,(anonymous_0)
FN:62,(anonymous_1)
FN:70,(anonymous_2)
FN:78,(anonymous_3)
FNF:4
FNH:0
FNDA:0,(anonymous_0)
FNDA:0,(anonymous_1)
FNDA:0,(anonymous_2)
FNDA:0,(anonymous_3)
DA:1,7
DA:2,7
DA:3,7
DA:4,7
DA:5,7
DA:6,7
DA:7,7
DA:10,7
DA:11,7
DA:12,7
DA:13,7
DA:14,7
DA:16,7
DA:17,7
DA:20,7
DA:21,7
DA:32,7
DA:33,7
DA:34,7
DA:36,7
DA:42,7
DA:45,7
DA:46,7
DA:47,7
DA:48,7
DA:49,7
DA:52,7
DA:53,0
DA:62,7
DA:63,0
DA:70,7
DA:71,0
DA:78,7
DA:79,0
DA:80,0
DA:86,7
LF:36
LH:31
BRDA:17,0,0,7
BRDA:17,0,1,0
BRDA:22,1,0,7
BRDA:22,1,1,0
BRDA:37,2,0,7
BRDA:37,2,1,7
BRDA:38,3,0,7
BRDA:38,3,1,7
BRDA:45,4,0,7
BRDA:45,4,1,0
BRDA:82,5,0,0
BRDA:82,5,1,0
BRF:12
BRH:7
end_of_record
TN:
SF:src\config\database.js
FN:31,(anonymous_0)
FNF:1
FNH:0
FNDA:0,(anonymous_0)
DA:1,7
DA:2,7
DA:4,7
DA:6,7
DA:7,0
DA:21,7
DA:31,7
DA:32,0
DA:33,0
DA:34,0
DA:35,0
DA:36,0
DA:37,0
DA:40,0
DA:42,0
DA:46,7
LF:16
LH:7
BRDA:4,0,0,7
BRDA:4,0,1,7
BRDA:6,1,0,0
BRDA:6,1,1,7
BRDA:8,2,0,0
BRDA:8,2,1,0
BRDA:9,3,0,0
BRDA:9,3,1,0
BRDA:10,4,0,0
BRDA:10,4,1,0
BRDA:12,5,0,0
BRDA:12,5,1,0
BRDA:13,6,0,0
BRDA:13,6,1,0
BRDA:15,7,0,0
BRDA:15,7,1,0
BRDA:23,8,0,7
BRDA:23,8,1,7
BRDA:24,9,0,0
BRDA:24,9,1,7
BRDA:34,10,0,0
BRDA:34,10,1,0
BRF:22
BRH:6
end_of_record
TN:
SF:src\controllers\authController.js
FN:10,(anonymous_0)
FN:192,(anonymous_1)
FN:281,(anonymous_2)
FN:325,(anonymous_3)
FN:347,(anonymous_4)
FN:390,(anonymous_5)
FN:409,(anonymous_6)
FN:437,(anonymous_7)
FN:459,(anonymous_8)
FNF:9
FNH:4
FNDA:5,(anonymous_0)
FNDA:4,(anonymous_1)
FNDA:2,(anonymous_2)
FNDA:0,(anonymous_3)
FNDA:2,(anonymous_4)
FNDA:0,(anonymous_5)
FNDA:0,(anonymous_6)
FNDA:0,(anonymous_7)
FNDA:0,(anonymous_8)
DA:1,7
DA:2,7
DA:3,7
DA:5,7
DA:6,7
DA:7,7
DA:10,7
DA:11,5
DA:23,5
DA:26,5
DA:37,5
DA:38,0
DA:46,5
DA:50,5
DA:51,0
DA:59,5
DA:63,5
DA:64,0
DA:72,5
DA:76,5
DA:77,0
DA:85,5
DA:86,0
DA:87,0
DA:88,0
DA:89,0
DA:90,0
DA:92,0
DA:94,0
DA:99,5
DA:102,5
DA:115,5
DA:116,5
DA:118,0
DA:122,5
DA:129,5
DA:143,5
DA:153,0
DA:155,0
DA:156,0
DA:157,0
DA:162,0
DA:168,0
DA:169,0
DA:170,0
DA:171,0
DA:172,0
DA:173,0
DA:174,0
DA:175,0
DA:176,0
DA:177,0
DA:183,0
DA:192,7
DA:193,4
DA:194,4
DA:197,4
DA:198,0
DA:205,4
DA:209,4
DA:210,0
DA:217,4
DA:219,4
DA:220,0
DA:227,4
DA:228,0
DA:235,4
DA:240,4
DA:247,4
DA:261,4
DA:271,0
DA:272,0
DA:281,7
DA:282,2
DA:283,2
DA:287,2
DA:288,0
DA:294,2
DA:309,2
DA:315,0
DA:316,0
DA:325,7
DA:326,0
DA:327,0
DA:328,0
DA:329,0
DA:330,0
DA:332,0
DA:333,0
DA:334,0
DA:336,0
DA:337,0
DA:341,7
DA:348,2
DA:349,2
DA:351,2
DA:352,2
DA:353,2
DA:354,0
DA:358,2
DA:359,0
DA:360,0
DA:361,0
DA:364,0
DA:367,0
DA:368,0
DA:372,2
DA:373,2
DA:374,0
DA:377,2
DA:378,2
DA:379,2
DA:380,2
DA:382,2
DA:384,2
DA:386,0
DA:387,0
DA:391,0
DA:392,0
DA:393,0
DA:394,0
DA:396,0
DA:397,0
DA:398,0
DA:399,0
DA:400,0
DA:401,0
DA:402,0
DA:404,0
DA:406,0
DA:410,0
DA:411,0
DA:412,0
DA:413,0
DA:415,0
DA:416,0
DA:417,0
DA:418,0
DA:420,0
DA:421,0
DA:423,0
DA:424,0
DA:425,0
DA:427,0
DA:428,0
DA:430,0
DA:431,0
DA:432,0
DA:434,0
DA:438,0
DA:439,0
DA:440,0
DA:441,0
DA:443,0
DA:444,0
DA:445,0
DA:447,0
DA:448,0
DA:449,0
DA:451,0
DA:454,0
DA:456,0
DA:460,0
DA:461,0
DA:462,0
DA:463,0
DA:465,0
DA:466,0
DA:468,0
DA:469,0
DA:470,0
DA:472,0
DA:473,0
DA:474,0
DA:475,0
DA:477,0
DA:478,0
DA:479,0
DA:480,0
DA:482,0
DA:483,0
DA:484,0
DA:486,0
DA:487,0
LF:184
LH:60
BRDA:37,0,0,0
BRDA:37,0,1,5
BRDA:50,1,0,0
BRDA:50,1,1,5
BRDA:63,2,0,0
BRDA:63,2,1,5
BRDA:76,3,0,0
BRDA:76,3,1,5
BRDA:85,4,0,0
BRDA:85,4,1,5
BRDA:87,5,0,0
BRDA:87,5,1,0
BRDA:89,6,0,0
BRDA:89,6,1,0
BRDA:89,7,0,0
BRDA:89,7,1,0
BRDA:106,8,0,5
BRDA:106,8,1,0
BRDA:108,9,0,5
BRDA:108,9,1,3
BRDA:110,10,0,5
BRDA:110,10,1,4
BRDA:111,11,0,0
BRDA:111,11,1,5
BRDA:111,12,0,5
BRDA:111,12,1,5
BRDA:118,13,0,0
BRDA:118,13,1,0
BRDA:155,14,0,0
BRDA:155,14,1,0
BRDA:156,15,0,0
BRDA:156,15,1,0
BRDA:164,16,0,0
BRDA:164,16,1,0
BRDA:165,17,0,0
BRDA:165,17,1,0
BRDA:168,18,0,0
BRDA:168,18,1,0
BRDA:170,19,0,0
BRDA:170,19,1,0
BRDA:173,20,0,0
BRDA:173,20,1,0
BRDA:173,21,0,0
BRDA:173,21,1,0
BRDA:174,22,0,0
BRDA:174,22,1,0
BRDA:174,23,0,0
BRDA:174,23,1,0
BRDA:175,24,0,0
BRDA:175,24,1,0
BRDA:175,25,0,0
BRDA:175,25,1,0
BRDA:176,26,0,0
BRDA:176,26,1,0
BRDA:176,27,0,0
BRDA:176,27,1,0
BRDA:180,28,0,0
BRDA:180,28,1,0
BRDA:186,29,0,0
BRDA:186,29,1,0
BRDA:197,30,0,0
BRDA:197,30,1,4
BRDA:197,31,0,4
BRDA:197,31,1,4
BRDA:209,32,0,0
BRDA:209,32,1,4
BRDA:219,33,0,0
BRDA:219,33,1,4
BRDA:227,34,0,0
BRDA:227,34,1,4
BRDA:275,35,0,0
BRDA:275,35,1,0
BRDA:287,36,0,0
BRDA:287,36,1,2
BRDA:319,37,0,0
BRDA:319,37,1,0
BRDA:327,38,0,0
BRDA:327,38,1,0
BRDA:329,39,0,0
BRDA:329,39,1,0
BRDA:334,40,0,0
BRDA:334,40,1,0
BRDA:351,41,0,2
BRDA:351,41,1,0
BRDA:353,42,0,0
BRDA:353,42,1,2
BRDA:358,43,0,0
BRDA:358,43,1,2
BRDA:360,44,0,0
BRDA:360,44,1,0
BRDA:367,45,0,0
BRDA:367,45,1,0
BRDA:373,46,0,0
BRDA:373,46,1,2
BRDA:378,47,0,2
BRDA:378,47,1,0
BRDA:379,48,0,0
BRDA:379,48,1,2
BRDA:380,49,0,0
BRDA:380,49,1,2
BRDA:392,50,0,0
BRDA:392,50,1,0
BRDA:393,51,0,0
BRDA:393,51,1,0
BRDA:396,52,0,0
BRDA:396,52,1,0
BRDA:401,53,0,0
BRDA:401,53,1,0
BRDA:402,54,0,0
BRDA:402,54,1,0
BRDA:411,55,0,0
BRDA:411,55,1,0
BRDA:412,56,0,0
BRDA:412,56,1,0
BRDA:412,57,0,0
BRDA:412,57,1,0
BRDA:415,58,0,0
BRDA:415,58,1,0
BRDA:417,59,0,0
BRDA:417,59,1,0
BRDA:418,60,0,0
BRDA:418,60,1,0
BRDA:418,61,0,0
BRDA:418,61,1,0
BRDA:420,62,0,0
BRDA:420,62,1,0
BRDA:423,63,0,0
BRDA:423,63,1,0
BRDA:427,64,0,0
BRDA:427,64,1,0
BRDA:439,65,0,0
BRDA:439,65,1,0
BRDA:440,66,0,0
BRDA:440,66,1,0
BRDA:440,67,0,0
BRDA:440,67,1,0
BRDA:444,68,0,0
BRDA:444,68,1,0
BRDA:448,69,0,0
BRDA:448,69,1,0
BRDA:451,70,0,0
BRDA:451,70,1,0
BRDA:451,71,0,0
BRDA:451,71,1,0
BRDA:451,71,2,0
BRDA:461,72,0,0
BRDA:461,72,1,0
BRDA:462,73,0,0
BRDA:462,73,1,0
BRDA:462,74,0,0
BRDA:462,74,1,0
BRDA:462,74,2,0
BRDA:462,74,3,0
BRDA:465,75,0,0
BRDA:465,75,1,0
BRDA:469,76,0,0
BRDA:469,76,1,0
BRDA:470,77,0,0
BRDA:470,77,1,0
BRDA:472,78,0,0
BRDA:472,78,1,0
BRDA:474,79,0,0
BRDA:474,79,1,0
BRDA:474,80,0,0
BRDA:474,80,1,0
BRDA:479,81,0,0
BRDA:479,81,1,0
BRDA:486,82,0,0
BRDA:486,82,1,0
BRF:169
BRH:27
end_of_record
TN:
SF:src\controllers\orderController.js
FN:6,(anonymous_0)
FN:52,(anonymous_1)
FN:88,(anonymous_2)
FN:156,(anonymous_3)
FN:165,(anonymous_4)
FN:180,(anonymous_5)
FN:269,(anonymous_6)
FN:284,(anonymous_7)
FN:288,(anonymous_8)
FN:289,(anonymous_9)
FN:299,(anonymous_10)
FN:301,(anonymous_11)
FN:307,(anonymous_12)
FN:308,(anonymous_13)
FN:310,(anonymous_14)
FN:318,(anonymous_15)
FN:322,(anonymous_16)
FN:324,(anonymous_17)
FN:328,(anonymous_18)
FN:352,(anonymous_19)
FN:352,(anonymous_20)
FN:365,(anonymous_21)
FN:368,(anonymous_22)
FN:368,(anonymous_23)
FN:379,(anonymous_24)
FN:379,(anonymous_25)
FN:386,(anonymous_26)
FN:431,(anonymous_27)
FN:436,(anonymous_28)
FN:475,(anonymous_29)
FN:513,(anonymous_30)
FN:567,(anonymous_31)
FN:614,(anonymous_32)
FNF:33
FNH:27
FNDA:16,(anonymous_0)
FNDA:147,(anonymous_1)
FNDA:0,(anonymous_2)
FNDA:147,(anonymous_3)
FNDA:147,(anonymous_4)
FNDA:147,(anonymous_5)
FNDA:16,(anonymous_6)
FNDA:676,(anonymous_7)
FNDA:128,(anonymous_8)
FNDA:256,(anonymous_9)
FNDA:16,(anonymous_10)
FNDA:10240,(anonymous_11)
FNDA:2048,(anonymous_12)
FNDA:4096,(anonymous_13)
FNDA:8192,(anonymous_14)
FNDA:16,(anonymous_15)
FNDA:147,(anonymous_16)
FNDA:40,(anonymous_17)
FNDA:24,(anonymous_18)
FNDA:5250,(anonymous_19)
FNDA:4638,(anonymous_20)
FNDA:1536,(anonymous_21)
FNDA:700,(anonymous_22)
FNDA:172,(anonymous_23)
FNDA:0,(anonymous_24)
FNDA:0,(anonymous_25)
FNDA:5,(anonymous_26)
FNDA:1,(anonymous_27)
FNDA:1,(anonymous_28)
FNDA:0,(anonymous_29)
FNDA:0,(anonymous_30)
FNDA:0,(anonymous_31)
FNDA:3,(anonymous_32)
DA:1,7
DA:2,7
DA:3,7
DA:6,7
DA:7,16
DA:9,16
DA:16,16
DA:19,16
DA:20,0
DA:27,16
DA:28,16
DA:29,0
DA:36,16
DA:40,16
DA:41,0
DA:48,16
DA:51,16
DA:52,16
DA:53,147
DA:57,16
DA:58,16
DA:59,16
DA:60,0
DA:68,16
DA:78,16
DA:79,0
DA:80,0
DA:81,0
DA:88,0
DA:91,0
DA:92,0
DA:98,16
DA:99,0
DA:100,0
DA:107,16
DA:110,16
DA:111,0
DA:112,0
DA:119,16
DA:123,16
DA:131,16
DA:134,16
DA:151,16
DA:152,16
DA:155,16
DA:156,16
DA:157,147
DA:158,147
DA:159,147
DA:162,16
DA:164,16
DA:165,16
DA:166,147
DA:168,147
DA:171,16
DA:180,16
DA:181,147
DA:186,16
DA:187,147
DA:188,147
DA:189,147
DA:190,0
DA:191,0
DA:194,147
DA:196,147
DA:197,0
DA:198,0
DA:200,147
DA:212,147
DA:215,16
DA:218,16
DA:225,16
DA:237,0
DA:238,0
DA:241,0
DA:244,0
DA:245,0
DA:252,0
DA:253,0
DA:260,0
DA:269,7
DA:271,16
DA:284,676
DA:287,16
DA:288,128
DA:289,256
DA:290,16
DA:291,16
DA:292,128
DA:293,2048
DA:294,10240
DA:299,16
DA:300,16
DA:301,16
DA:302,10240
DA:303,10240
DA:304,10240
DA:305,10240
DA:307,16
DA:308,4096
DA:310,8192
DA:311,2048
DA:315,16
DA:316,16
DA:318,16
DA:319,16
DA:320,16
DA:322,16
DA:323,147
DA:324,40
DA:325,10
DA:328,16
DA:329,24
DA:330,336
DA:331,336
DA:332,141
DA:336,16
DA:337,16
DA:339,16
DA:340,188
DA:342,16
DA:345,16
DA:346,16
DA:347,16
DA:348,16
DA:351,16
DA:352,5250
DA:353,1050
DA:354,8
DA:355,8
DA:357,19
DA:358,8
DA:364,8
DA:365,1536
DA:366,12
DA:367,12
DA:368,700
DA:369,140
DA:370,140
DA:372,12
DA:373,8
DA:374,128
DA:379,0
DA:380,0
DA:381,0
DA:382,0
DA:386,7
DA:387,5
DA:388,5
DA:389,5
DA:391,5
DA:392,5
DA:393,4
DA:396,5
DA:407,5
DA:408,5
DA:409,5
DA:410,5
DA:411,5
DA:412,3
DA:413,3
DA:414,3
DA:415,3
DA:416,3
DA:417,3
DA:418,3
DA:420,3
DA:421,1
DA:425,5
DA:426,1
DA:427,1
DA:428,1
DA:429,1
DA:430,1
DA:431,1
DA:432,1
DA:433,1
DA:435,1
DA:436,1
DA:437,1
DA:438,1
DA:439,1
DA:444,1
DA:449,5
DA:451,5
DA:465,0
DA:466,0
DA:475,7
DA:476,0
DA:477,0
DA:479,0
DA:490,0
DA:491,0
DA:497,0
DA:503,0
DA:504,0
DA:513,7
DA:514,0
DA:516,0
DA:517,0
DA:520,0
DA:527,0
DA:541,0
DA:548,0
DA:549,0
DA:550,0
DA:556,0
DA:557,0
DA:558,0
DA:565,0
DA:566,0
DA:567,0
DA:568,0
DA:569,0
DA:572,0
DA:573,0
DA:582,0
DA:583,0
DA:591,0
DA:595,0
DA:597,0
DA:603,0
DA:604,0
DA:605,0
DA:614,7
DA:615,3
DA:617,3
DA:618,3
DA:619,3
DA:622,3
DA:630,3
DA:631,0
DA:632,0
DA:639,3
DA:640,0
DA:641,0
DA:648,3
DA:649,3
DA:650,3
DA:652,3
DA:654,3
DA:656,3
DA:666,0
DA:667,0
DA:668,0
DA:676,7
LF:246
LH:172
BRDA:15,0,0,0
BRDA:19,1,0,0
BRDA:19,1,1,16
BRDA:19,2,0,16
BRDA:19,2,1,16
BRDA:19,2,2,16
BRDA:19,2,3,16
BRDA:28,3,0,0
BRDA:28,3,1,16
BRDA:40,4,0,0
BRDA:40,4,1,16
BRDA:53,5,0,147
BRDA:53,5,1,16
BRDA:59,6,0,0
BRDA:59,6,1,16
BRDA:78,7,0,0
BRDA:78,7,1,16
BRDA:80,8,0,0
BRDA:80,8,1,0
BRDA:98,9,0,0
BRDA:98,9,1,16
BRDA:110,10,0,0
BRDA:110,10,1,16
BRDA:138,11,0,16
BRDA:138,11,1,16
BRDA:139,12,0,16
BRDA:139,12,1,16
BRDA:157,13,0,147
BRDA:157,13,1,16
BRDA:168,14,0,0
BRDA:168,14,1,147
BRDA:189,15,0,0
BRDA:189,15,1,147
BRDA:196,16,0,0
BRDA:196,16,1,147
BRDA:196,17,0,147
BRDA:196,17,1,147
BRDA:237,18,0,0
BRDA:237,18,1,0
BRDA:237,19,0,0
BRDA:237,19,1,0
BRDA:244,20,0,0
BRDA:244,20,1,0
BRDA:248,21,0,0
BRDA:248,21,1,0
BRDA:252,22,0,0
BRDA:252,22,1,0
BRDA:256,23,0,0
BRDA:256,23,1,0
BRDA:263,24,0,0
BRDA:263,24,1,0
BRDA:269,25,0,0
BRDA:303,26,0,10240
BRDA:303,26,1,2048
BRDA:323,27,0,137
BRDA:323,27,1,10
BRDA:324,28,0,40
BRDA:324,28,1,10
BRDA:325,29,0,6
BRDA:325,29,1,4
BRDA:331,30,0,141
BRDA:331,30,1,195
BRDA:331,31,0,336
BRDA:331,31,1,171
BRDA:331,31,2,171
BRDA:336,32,0,15
BRDA:336,32,1,1
BRDA:337,33,0,9
BRDA:337,33,1,7
BRDA:340,34,0,0
BRDA:340,34,1,188
BRDA:340,35,0,188
BRDA:340,35,1,41
BRDA:342,36,0,16
BRDA:342,36,1,0
BRDA:353,37,0,8
BRDA:353,37,1,1042
BRDA:355,38,0,8
BRDA:355,38,1,0
BRDA:370,39,0,8
BRDA:370,39,1,132
BRDA:372,40,0,8
BRDA:372,40,1,4
BRDA:374,41,0,8
BRDA:374,41,1,0
BRDA:380,42,0,0
BRDA:380,42,1,0
BRDA:388,43,0,5
BRDA:388,44,0,5
BRDA:392,45,0,4
BRDA:392,45,1,1
BRDA:409,46,0,5
BRDA:409,46,1,3
BRDA:411,47,0,3
BRDA:411,47,1,2
BRDA:411,48,0,5
BRDA:411,48,1,3
BRDA:414,49,0,3
BRDA:414,49,1,0
BRDA:416,50,0,3
BRDA:416,50,1,0
BRDA:417,51,0,3
BRDA:417,51,1,0
BRDA:420,52,0,1
BRDA:420,52,1,2
BRDA:425,53,0,1
BRDA:425,53,1,4
BRDA:425,54,0,5
BRDA:425,54,1,1
BRDA:428,55,0,1
BRDA:428,55,1,0
BRDA:430,56,0,1
BRDA:430,56,1,0
BRDA:430,57,0,1
BRDA:430,57,1,1
BRDA:433,58,0,1
BRDA:433,58,1,1
BRDA:438,59,0,1
BRDA:438,59,1,0
BRDA:449,60,0,2
BRDA:449,60,1,3
BRDA:469,61,0,0
BRDA:469,61,1,0
BRDA:490,62,0,0
BRDA:490,62,1,0
BRDA:507,63,0,0
BRDA:507,63,1,0
BRDA:541,64,0,0
BRDA:541,64,1,0
BRDA:548,65,0,0
BRDA:548,65,1,0
BRDA:556,66,0,0
BRDA:556,66,1,0
BRDA:556,67,0,0
BRDA:556,67,1,0
BRDA:566,68,0,0
BRDA:566,68,1,0
BRDA:566,69,0,0
BRDA:566,69,1,0
BRDA:569,70,0,0
BRDA:569,70,1,0
BRDA:582,71,0,0
BRDA:582,71,1,0
BRDA:608,72,0,0
BRDA:608,72,1,0
BRDA:630,73,0,0
BRDA:630,73,1,3
BRDA:639,74,0,0
BRDA:639,74,1,3
BRDA:639,75,0,3
BRDA:639,75,1,3
BRDA:649,76,0,3
BRDA:649,76,1,0
BRDA:650,77,0,3
BRDA:650,77,1,0
BRDA:671,78,0,0
BRDA:671,78,1,0
BRF:157
BRH:87
end_of_record
TN:
SF:src\controllers\passengerController.js
FN:5,(anonymous_0)
FN:19,(anonymous_1)
FN:39,(anonymous_2)
FN:102,(anonymous_3)
FN:183,(anonymous_4)
FN:229,(anonymous_5)
FNF:6
FNH:5
FNDA:6,(anonymous_0)
FNDA:11,(anonymous_1)
FNDA:2,(anonymous_2)
FNDA:0,(anonymous_3)
FNDA:1,(anonymous_4)
FNDA:5,(anonymous_5)
DA:1,7
DA:2,7
DA:5,7
DA:6,6
DA:7,6
DA:9,6
DA:17,6
DA:19,11
DA:30,0
DA:31,0
DA:39,7
DA:40,2
DA:41,2
DA:42,2
DA:45,2
DA:46,2
DA:47,0
DA:54,2
DA:62,2
DA:63,0
DA:70,2
DA:79,2
DA:93,0
DA:94,0
DA:102,7
DA:103,0
DA:104,0
DA:105,0
DA:106,0
DA:109,0
DA:110,0
DA:111,0
DA:118,0
DA:126,0
DA:127,0
DA:134,0
DA:135,0
DA:144,0
DA:145,0
DA:153,0
DA:160,0
DA:174,0
DA:175,0
DA:183,7
DA:184,1
DA:185,1
DA:186,1
DA:189,1
DA:197,1
DA:198,0
DA:205,1
DA:206,0
DA:213,1
DA:215,1
DA:220,0
DA:221,0
DA:229,7
DA:230,5
DA:231,5
DA:241,0
DA:242,0
DA:246,7
LF:62
LH:32
BRDA:46,0,0,0
BRDA:46,0,1,2
BRDA:62,1,0,0
BRDA:62,1,1,2
BRDA:110,2,0,0
BRDA:110,2,1,0
BRDA:126,3,0,0
BRDA:126,3,1,0
BRDA:134,4,0,0
BRDA:134,4,1,0
BRDA:144,5,0,0
BRDA:144,5,1,0
BRDA:197,6,0,0
BRDA:197,6,1,1
BRDA:205,7,0,0
BRDA:205,7,1,1
BRDA:234,8,0,5
BRDA:234,8,1,0
BRDA:237,9,0,5
BRDA:237,9,1,0
BRDA:237,10,0,5
BRDA:237,10,1,5
BRF:22
BRH:8
end_of_record
TN:
SF:src\controllers\trainController.js
FN:5,(anonymous_0)
FN:74,(anonymous_1)
FN:80,(anonymous_2)
FN:121,(anonymous_3)
FN:153,(anonymous_4)
FN:183,(anonymous_5)
FN:213,(anonymous_6)
FN:238,(anonymous_7)
FNF:8
FNH:3
FNDA:2,(anonymous_0)
FNDA:6,(anonymous_1)
FNDA:14,(anonymous_2)
FNDA:0,(anonymous_3)
FNDA:0,(anonymous_4)
FNDA:0,(anonymous_5)
FNDA:0,(anonymous_6)
FNDA:0,(anonymous_7)
DA:1,7
DA:2,7
DA:5,7
DA:6,2
DA:16,2
DA:19,2
DA:20,0
DA:27,2
DA:31,2
DA:35,2
DA:36,0
DA:42,2
DA:43,2
DA:54,2
DA:55,0
DA:58,2
DA:74,2
DA:75,6
DA:78,6
DA:79,6
DA:80,6
DA:81,14
DA:90,6
DA:97,2
DA:111,0
DA:112,0
DA:121,7
DA:122,0
DA:123,0
DA:124,0
DA:126,0
DA:127,0
DA:133,0
DA:143,0
DA:144,0
DA:151,0
DA:152,0
DA:153,0
DA:154,0
DA:163,0
DA:164,0
DA:165,0
DA:167,0
DA:173,0
DA:174,0
DA:182,7
DA:183,7
DA:184,0
DA:185,0
DA:186,0
DA:187,0
DA:188,0
DA:190,0
DA:200,0
DA:201,0
DA:203,0
DA:204,0
DA:213,7
DA:214,0
DA:215,0
DA:218,0
DA:236,0
DA:237,0
DA:238,0
DA:239,0
DA:245,0
DA:251,0
DA:252,0
DA:260,7
LF:69
LH:26
BRDA:14,0,0,2
BRDA:15,1,0,2
BRDA:19,2,0,0
BRDA:19,2,1,2
BRDA:27,3,0,0
BRDA:27,3,1,2
BRDA:28,4,0,0
BRDA:28,4,1,0
BRDA:29,5,0,2
BRDA:29,5,1,0
BRDA:31,6,0,0
BRDA:31,6,1,2
BRDA:32,7,0,0
BRDA:32,7,1,0
BRDA:33,8,0,2
BRDA:33,8,1,0
BRDA:35,9,0,0
BRDA:35,9,1,2
BRDA:35,10,0,2
BRDA:35,10,1,2
BRDA:54,11,0,0
BRDA:54,11,1,2
BRDA:79,12,0,6
BRDA:79,12,1,0
BRDA:115,13,0,0
BRDA:115,13,1,0
BRDA:126,14,0,0
BRDA:126,14,1,0
BRDA:143,15,0,0
BRDA:143,15,1,0
BRDA:152,16,0,0
BRDA:152,16,1,0
BRDA:177,17,0,0
BRDA:177,17,1,0
BRDA:185,18,0,0
BRDA:185,18,1,0
BRDA:187,19,0,0
BRDA:187,19,1,0
BRDA:187,20,0,0
BRDA:187,20,1,0
BRDA:207,21,0,0
BRDA:207,21,1,0
BRDA:236,22,0,0
BRDA:236,22,1,0
BRDA:239,23,0,0
BRDA:239,23,1,0
BRDA:239,23,2,0
BRDA:255,24,0,0
BRDA:255,24,1,0
BRF:49
BRH:12
end_of_record
TN:
SF:src\models\Order.js
FNF:0
FNH:0
DA:1,7
DA:2,7
DA:4,7
DA:122,7
LF:4
LH:4
BRF:0
BRH:0
end_of_record
TN:
SF:src\models\OrderPassenger.js
FNF:0
FNH:0
DA:1,7
DA:2,7
DA:4,7
DA:91,7
LF:4
LH:4
BRF:0
BRH:0
end_of_record
TN:
SF:src\models\Passenger.js
FNF:0
FNH:0
DA:1,7
DA:2,7
DA:4,7
DA:95,7
LF:4
LH:4
BRF:0
BRH:0
end_of_record
TN:
SF:src\models\Train.js
FNF:0
FNH:0
DA:1,7
DA:2,7
DA:4,7
DA:82,7
LF:4
LH:4
BRF:0
BRH:0
end_of_record
TN:
SF:src\models\TrainSeat.js
FNF:0
FNH:0
DA:1,7
DA:2,7
DA:4,7
DA:71,7
LF:4
LH:4
BRF:0
BRH:0
end_of_record
TN:
SF:src\models\User.js
FNF:0
FNH:0
DA:1,7
DA:2,7
DA:4,7
DA:117,7
LF:4
LH:4
BRF:0
BRH:0
end_of_record
TN:
SF:src\models\index.js
FN:67,(anonymous_0)
FN:78,(anonymous_1)
FNF:2
FNH:2
FNDA:7,(anonymous_0)
FNDA:7,(anonymous_1)
DA:1,7
DA:2,7
DA:3,7
DA:4,7
DA:5,7
DA:6,7
DA:7,7
DA:11,7
DA:16,7
DA:22,7
DA:28,7
DA:35,7
DA:40,7
DA:46,7
DA:51,7
DA:56,7
DA:67,7
DA:68,7
DA:69,7
DA:70,7
DA:72,0
DA:73,0
DA:78,7
DA:79,7
DA:80,7
DA:81,7
DA:82,7
DA:84,0
DA:85,0
DA:89,7
LF:30
LH:26
BRDA:78,0,0,0
BRDA:80,1,0,7
BRDA:80,1,1,0
BRDA:80,2,0,7
BRDA:80,2,1,7
BRF:5
BRH:3
end_of_record
TN:
SF:src\routes\auth.js
FN:28,(anonymous_0)
FNF:1
FNH:0
FNDA:0,(anonymous_0)
DA:1,7
DA:2,7
DA:3,7
DA:5,7
DA:8,7
DA:11,7
DA:14,7
DA:17,7
DA:20,7
DA:22,7
DA:23,7
DA:24,7
DA:25,7
DA:28,7
DA:29,0
DA:35,7
LF:16
LH:15
BRF:0
BRH:0
end_of_record
TN:
SF:src\routes\order.js
FNF:0
FNH:0
DA:1,7
DA:8,7
DA:9,7
DA:11,7
DA:14,7
DA:17,7
DA:20,7
DA:23,7
DA:26,7
DA:29,7
DA:31,7
LF:11
LH:11
BRF:0
BRH:0
end_of_record
TN:
SF:src\routes\passenger.js
FNF:0
FNH:0
DA:1,7
DA:2,7
DA:3,7
DA:9,7
DA:12,7
DA:15,7
DA:18,7
DA:21,7
DA:23,7
LF:9
LH:9
BRF:0
BRH:0
end_of_record
TN:
SF:src\routes\train.js
FNF:0
FNH:0
DA:1,7
DA:7,7
DA:8,7
DA:10,7
DA:13,7
DA:16,7
DA:19,7
DA:22,7
DA:24,7
LF:9
LH:9
BRF:0
BRH:0
end_of_record
TN:
SF:src\scripts\seedData.js
FN:4,(anonymous_0)
FN:294,(anonymous_1)
FN:375,(anonymous_2)
FN:389,(anonymous_3)
FNF:4
FNH:3
FNDA:2,(anonymous_0)
FNDA:2,(anonymous_1)
FNDA:2,(anonymous_2)
FNDA:0,(anonymous_3)
DA:1,7
DA:4,7
DA:5,2
DA:6,2
DA:9,2
DA:280,2
DA:281,48
DA:287,2
DA:289,0
DA:294,7
DA:295,2
DA:296,2
DA:298,2
DA:299,2
DA:302,2
DA:303,60
DA:304,60
DA:305,60
DA:307,60
DA:309,1440
DA:311,1440
DA:312,1080
DA:317,360
DA:318,300
DA:322,60
DA:323,60
DA:331,1440
DA:332,4020
DA:348,2
DA:349,2
DA:354,2
DA:355,2
DA:356,4
DA:357,96
DA:358,40
DA:359,40
DA:360,108
DA:368,2
DA:370,0
DA:375,7
DA:376,2
DA:377,2
DA:378,2
DA:379,2
DA:381,0
DA:386,7
DA:387,0
DA:389,0
DA:390,0
DA:391,0
DA:392,0
DA:393,0
DA:394,0
DA:396,0
DA:397,0
DA:402,7
LF:56
LH:44
BRDA:311,0,0,1080
BRDA:311,0,1,360
BRDA:317,1,0,300
BRDA:317,1,1,60
BRDA:322,2,0,60
BRDA:322,2,1,0
BRDA:357,3,0,56
BRDA:357,3,1,40
BRDA:358,4,0,40
BRDA:358,4,1,0
BRDA:386,5,0,0
BRDA:386,5,1,7
BRF:12
BRH:9
end_of_record
TN:
SF:src\utils\auth.js
FN:5,(anonymous_0)
FN:15,(anonymous_1)
FN:24,(anonymous_2)
FN:40,(anonymous_3)
FN:55,(anonymous_4)
FN:89,(anonymous_5)
FNF:6
FNH:6
FNDA:6,(anonymous_0)
FNDA:6,(anonymous_1)
FNDA:12,(anonymous_2)
FNDA:41,(anonymous_3)
FNDA:39,(anonymous_4)
FNDA:2,(anonymous_5)
DA:1,7
DA:2,7
DA:5,7
DA:6,6
DA:7,6
DA:8,6
DA:10,0
DA:15,7
DA:16,6
DA:17,6
DA:19,0
DA:24,7
DA:25,12
DA:26,12
DA:35,0
DA:40,7
DA:41,41
DA:42,41
DA:44,3
DA:45,1
DA:46,2
DA:47,2
DA:49,0
DA:55,7
DA:56,39
DA:57,39
DA:59,39
DA:66,39
DA:67,1
DA:68,1
DA:74,38
DA:75,38
DA:76,37
DA:77,37
DA:78,37
DA:80,1
DA:81,1
DA:89,7
DA:90,2
DA:91,2
DA:93,2
DA:94,0
DA:95,0
DA:96,0
DA:102,2
DA:105,7
LF:46
LH:39
BRDA:28,0,0,12
BRDA:28,0,1,0
BRDA:30,1,0,12
BRDA:30,1,1,0
BRDA:42,2,0,41
BRDA:42,2,1,0
BRDA:44,3,0,1
BRDA:44,3,1,2
BRDA:46,4,0,2
BRDA:46,4,1,0
BRDA:57,5,0,39
BRDA:57,5,1,38
BRDA:62,6,0,38
BRDA:62,6,1,1
BRDA:66,7,0,1
BRDA:66,7,1,38
BRDA:91,8,0,2
BRDA:91,8,1,0
BRDA:93,9,0,0
BRDA:93,9,1,2
BRF:20
BRH:14
end_of_record
TN:
SF:src\utils\orderUtils.js
FN:2,(anonymous_0)
FN:19,(anonymous_1)
FN:20,(anonymous_2)
FN:26,(anonymous_3)
FN:46,(anonymous_4)
FN:58,(anonymous_5)
FN:68,(anonymous_6)
FNF:7
FNH:1
FNDA:16,(anonymous_0)
FNDA:0,(anonymous_1)
FNDA:0,(anonymous_2)
FNDA:0,(anonymous_3)
FNDA:0,(anonymous_4)
FNDA:0,(anonymous_5)
FNDA:0,(anonymous_6)
DA:2,7
DA:4,16
DA:5,16
DA:6,16
DA:7,16
DA:8,16
DA:9,16
DA:10,16
DA:13,16
DA:15,16
DA:19,7
DA:20,0
DA:21,0
DA:26,7
DA:27,0
DA:28,0
DA:31,0
DA:32,0
DA:34,0
DA:35,0
DA:36,0
DA:37,0
DA:38,0
DA:39,0
DA:43,0
DA:44,0
DA:46,0
DA:47,0
DA:48,0
DA:49,0
DA:50,0
DA:55,0
DA:56,0
DA:58,0
DA:59,0
DA:60,0
DA:61,0
DA:62,0
DA:67,0
DA:68,0
DA:69,0
DA:70,0
DA:74,0
DA:81,7
DA:91,7
DA:101,7
DA:112,7
DA:119,7
LF:48
LH:17
BRDA:31,0,0,0
BRDA:31,0,1,0
BRDA:34,1,0,0
BRDA:34,1,1,0
BRDA:35,2,0,0
BRDA:35,2,1,0
BRDA:36,3,0,0
BRDA:36,3,1,0
BRDA:37,4,0,0
BRDA:37,4,1,0
BRDA:38,5,0,0
BRDA:38,5,1,0
BRDA:39,6,0,0
BRDA:39,6,1,0
BRDA:43,7,0,0
BRDA:43,7,1,0
BRDA:43,8,0,0
BRDA:43,8,1,0
BRDA:43,8,2,0
BRDA:47,9,0,0
BRDA:47,9,1,0
BRDA:48,10,0,0
BRDA:48,10,1,0
BRDA:49,11,0,0
BRDA:49,11,1,0
BRDA:50,12,0,0
BRDA:50,12,1,0
BRDA:55,13,0,0
BRDA:55,13,1,0
BRDA:55,14,0,0
BRDA:55,14,1,0
BRDA:55,14,2,0
BRDA:59,15,0,0
BRDA:59,15,1,0
BRDA:60,16,0,0
BRDA:60,16,1,0
BRDA:61,17,0,0
BRDA:61,17,1,0
BRDA:61,18,0,0
BRDA:61,18,1,0
BRDA:62,19,0,0
BRDA:62,19,1,0
BRDA:62,20,0,0
BRDA:62,20,1,0
BRDA:67,21,0,0
BRDA:67,21,1,0
BRDA:67,22,0,0
BRDA:67,22,1,0
BRDA:69,23,0,0
BRDA:69,23,1,0
BRF:50
BRH:0
end_of_record
TN:
SF:src\utils\validation.js
FN:2,(anonymous_0)
FN:19,(anonymous_1)
FN:32,(anonymous_2)
FN:50,(anonymous_3)
FN:80,(anonymous_4)
FN:94,(anonymous_5)
FN:112,(anonymous_6)
FN:159,(anonymous_7)
FNF:8
FNH:8
FNDA:5,(anonymous_0)
FNDA:4,(anonymous_1)
FNDA:6,(anonymous_2)
FNDA:6,(anonymous_3)
FNDA:7,(anonymous_4)
FNDA:6,(anonymous_5)
FNDA:7,(anonymous_6)
FNDA:4,(anonymous_7)
DA:2,8
DA:3,5
DA:4,0
DA:7,5
DA:8,1
DA:11,4
DA:12,1
DA:15,3
DA:19,8
DA:20,4
DA:21,0
DA:24,4
DA:25,1
DA:28,3
DA:32,8
DA:33,6
DA:34,0
DA:37,6
DA:38,0
DA:42,6
DA:43,1
DA:46,5
DA:50,8
DA:51,6
DA:52,0
DA:56,6
DA:57,6
DA:58,1
DA:62,5
DA:63,5
DA:65,5
DA:66,5
DA:67,85
DA:70,5
DA:71,5
DA:72,1
DA:76,4
DA:80,8
DA:81,7
DA:82,0
DA:84,7
DA:85,7
DA:86,7
DA:87,7
DA:88,1
DA:90,6
DA:94,8
DA:95,6
DA:96,0
DA:99,6
DA:100,0
DA:103,6
DA:104,6
DA:105,1
DA:108,5
DA:112,8
DA:113,7
DA:114,5
DA:116,2
DA:118,2
DA:119,2
DA:120,0
DA:123,2
DA:124,2
DA:125,0
DA:128,2
DA:129,1
DA:132,2
DA:133,2
DA:134,0
DA:137,2
DA:138,2
DA:139,0
DA:142,2
DA:143,2
DA:144,0
DA:147,2
DA:148,2
DA:149,0
DA:152,2
DA:159,8
DA:161,4
DA:162,2
DA:165,2
DA:167,2
DA:168,2
DA:169,0
DA:172,2
DA:173,2
DA:174,1
DA:177,2
DA:178,2
DA:179,0
DA:182,2
DA:183,0
DA:186,2
DA:192,8
LF:97
LH:80
BRDA:3,0,0,0
BRDA:3,0,1,5
BRDA:3,1,0,5
BRDA:3,1,1,5
BRDA:7,2,0,1
BRDA:7,2,1,4
BRDA:7,3,0,5
BRDA:7,3,1,4
BRDA:11,4,0,1
BRDA:11,4,1,3
BRDA:20,5,0,0
BRDA:20,5,1,4
BRDA:20,6,0,4
BRDA:20,6,1,4
BRDA:24,7,0,1
BRDA:24,7,1,3
BRDA:33,8,0,0
BRDA:33,8,1,6
BRDA:33,9,0,6
BRDA:33,9,1,6
BRDA:37,10,0,0
BRDA:37,10,1,6
BRDA:37,11,0,6
BRDA:37,11,1,6
BRDA:42,12,0,1
BRDA:42,12,1,5
BRDA:50,13,0,2
BRDA:51,14,0,0
BRDA:51,14,1,6
BRDA:51,15,0,6
BRDA:51,15,1,6
BRDA:56,16,0,6
BRDA:56,16,1,0
BRDA:57,17,0,1
BRDA:57,17,1,5
BRDA:71,18,0,1
BRDA:71,18,1,4
BRDA:81,19,0,0
BRDA:81,19,1,7
BRDA:81,20,0,7
BRDA:81,20,1,7
BRDA:87,21,0,1
BRDA:87,21,1,6
BRDA:87,22,0,7
BRDA:87,22,1,1
BRDA:95,23,0,0
BRDA:95,23,1,6
BRDA:99,24,0,0
BRDA:99,24,1,6
BRDA:104,25,0,1
BRDA:104,25,1,5
BRDA:113,26,0,5
BRDA:113,26,1,2
BRDA:113,27,0,7
BRDA:113,27,1,7
BRDA:119,28,0,0
BRDA:119,28,1,2
BRDA:124,29,0,0
BRDA:124,29,1,2
BRDA:128,30,0,1
BRDA:128,30,1,1
BRDA:133,31,0,0
BRDA:133,31,1,2
BRDA:138,32,0,0
BRDA:138,32,1,2
BRDA:143,33,0,0
BRDA:143,33,1,2
BRDA:148,34,0,0
BRDA:148,34,1,2
BRDA:161,35,0,2
BRDA:161,35,1,2
BRDA:161,36,0,4
BRDA:161,36,1,4
BRDA:168,37,0,0
BRDA:168,37,1,2
BRDA:173,38,0,1
BRDA:173,38,1,1
BRDA:178,39,0,0
BRDA:178,39,1,2
BRDA:182,40,0,0
BRDA:182,40,1,2
BRDA:182,41,0,2
BRDA:182,41,1,2
BRF:83
BRH:65
end_of_record
